0 verbose cli /usr/local/bin/node /usr/local/bin/npm
1 info using npm@10.1.0
2 info using node@v20.7.0
3 timing npm:load:whichnode Completed in 3ms
4 timing config:load:defaults Completed in 3ms
5 timing config:load:file:/usr/local/lib/node_modules/npm/npmrc Completed in 0ms
6 timing config:load:builtin Completed in 1ms
7 timing config:load:cli Completed in 4ms
8 timing config:load:env Completed in 0ms
9 timing config:load:project Completed in 2ms
10 timing config:load:file:/home/node/.npmrc Completed in 0ms
11 timing config:load:user Completed in 0ms
12 timing config:load:file:/usr/local/etc/npmrc Completed in 0ms
13 timing config:load:global Completed in 0ms
14 timing config:load:setEnvs Completed in 2ms
15 timing config:load Completed in 14ms
16 timing npm:load:configload Completed in 14ms
17 timing config:load:flatten Completed in 6ms
18 timing npm:load:mkdirpcache Completed in 0ms
19 timing npm:load:mkdirplogs Completed in 1ms
20 verbose title npm create astro@latest
21 verbose argv "create" "astro@latest"
22 timing npm:load:setTitle Completed in 2ms
23 timing npm:load:display Completed in 1ms
24 verbose logfile logs-max:10 dir:/home/node/.npm/_logs/2023-11-23T17_29_18_002Z-
25 verbose logfile /home/node/.npm/_logs/2023-11-23T17_29_18_002Z-debug-0.log
26 timing npm:load:logFile Completed in 20ms
27 timing npm:load:timers Completed in 0ms
28 timing npm:load:configScope Completed in 1ms
29 timing npm:load Completed in 75ms
30 timing arborist:ctor Completed in 2ms
31 silly logfile done cleaning log files
32 http fetch GET 200 https://registry.npmjs.org/npm 494ms (cache miss)
33 http fetch GET 200 https://registry.npmjs.org/create-astro 551ms (cache miss)
34 timing arborist:ctor Completed in 0ms
35 timing arborist:ctor Completed in 0ms
36 timing idealTree:init Completed in 13ms
37 timing idealTree:userRequests Completed in 6ms
38 silly idealTree buildDeps
39 silly fetch manifest create-astro@4.5.1
40 http fetch GET 200 https://registry.npmjs.org/create-astro 18ms (cache hit)
41 silly placeDep ROOT create-astro@4.5.1 OK for:  want: 4.5.1
42 silly fetch manifest @astrojs/cli-kit@^0.3.1
43 silly fetch manifest giget@1.1.2
44 http fetch GET 200 https://registry.npmjs.org/giget 88ms (cache miss)
45 http fetch GET 200 https://registry.npmjs.org/@astrojs%2fcli-kit 1715ms (cache miss)
46 timing idealTree:#root Completed in 1759ms
47 silly placeDep ROOT @astrojs/cli-kit@0.3.1 OK for: create-astro@4.5.1 want: ^0.3.1
48 silly fetch manifest chalk@^5.0.1
49 silly fetch manifest log-update@^5.0.1
50 silly fetch manifest sisteransi@^1.0.5
51 silly placeDep ROOT giget@1.1.2 OK for: create-astro@4.5.1 want: 1.1.2
52 silly fetch manifest colorette@^2.0.19
53 silly fetch manifest defu@^6.1.2
54 silly fetch manifest https-proxy-agent@^5.0.1
55 silly fetch manifest mri@^1.2.0
56 silly fetch manifest node-fetch-native@^1.0.2
57 silly fetch manifest pathe@^1.1.0
58 silly fetch manifest tar@^6.1.13
59 http fetch GET 200 https://registry.npmjs.org/log-update 114ms (cache miss)
60 http fetch GET 200 https://registry.npmjs.org/chalk 117ms (cache miss)
61 http fetch GET 200 https://registry.npmjs.org/sisteransi 145ms (cache miss)
62 http fetch GET 200 https://registry.npmjs.org/mri 172ms (cache miss)
63 http fetch GET 200 https://registry.npmjs.org/colorette 190ms (cache miss)
64 http fetch GET 200 https://registry.npmjs.org/node-fetch-native 187ms (cache miss)
65 http fetch GET 200 https://registry.npmjs.org/defu 196ms (cache miss)
66 http fetch GET 200 https://registry.npmjs.org/pathe 204ms (cache miss)
67 http fetch GET 200 https://registry.npmjs.org/https-proxy-agent 209ms (cache miss)
68 http fetch GET 200 https://registry.npmjs.org/tar 208ms (cache miss)
69 timing idealTree:node_modules/create-astro Completed in 233ms
70 silly placeDep ROOT chalk@5.3.0 OK for: @astrojs/cli-kit@0.3.1 want: ^5.0.1
71 silly placeDep ROOT log-update@5.0.1 OK for: @astrojs/cli-kit@0.3.1 want: ^5.0.1
72 silly fetch manifest ansi-escapes@^5.0.0
73 silly fetch manifest cli-cursor@^4.0.0
74 silly fetch manifest slice-ansi@^5.0.0
75 silly fetch manifest strip-ansi@^7.0.1
76 silly fetch manifest wrap-ansi@^8.0.1
77 silly placeDep ROOT sisteransi@1.0.5 OK for: @astrojs/cli-kit@0.3.1 want: ^1.0.5
78 http fetch GET 200 https://registry.npmjs.org/ansi-escapes 60ms (cache miss)
79 http fetch GET 200 https://registry.npmjs.org/wrap-ansi 60ms (cache miss)
80 http fetch GET 200 https://registry.npmjs.org/slice-ansi 69ms (cache miss)
81 http fetch GET 200 https://registry.npmjs.org/strip-ansi 71ms (cache miss)
82 http fetch GET 200 https://registry.npmjs.org/cli-cursor 80ms (cache miss)
83 timing idealTree:node_modules/@astrojs/cli-kit Completed in 92ms
84 timing idealTree:node_modules/chalk Completed in 0ms
85 silly placeDep ROOT colorette@2.0.20 OK for: giget@1.1.2 want: ^2.0.19
86 silly placeDep ROOT defu@6.1.3 OK for: giget@1.1.2 want: ^6.1.2
87 silly placeDep ROOT https-proxy-agent@5.0.1 OK for: giget@1.1.2 want: ^5.0.1
88 silly fetch manifest agent-base@6
89 silly fetch manifest debug@4
90 silly placeDep ROOT mri@1.2.0 OK for: giget@1.1.2 want: ^1.2.0
91 silly placeDep ROOT node-fetch-native@1.4.1 OK for: giget@1.1.2 want: ^1.0.2
92 silly placeDep ROOT pathe@1.1.1 OK for: giget@1.1.2 want: ^1.1.0
93 silly placeDep ROOT tar@6.2.0 OK for: giget@1.1.2 want: ^6.1.13
94 silly fetch manifest chownr@^2.0.0
95 silly fetch manifest fs-minipass@^2.0.0
96 silly fetch manifest minipass@^5.0.0
97 silly fetch manifest minizlib@^2.1.1
98 silly fetch manifest mkdirp@^1.0.3
99 silly fetch manifest yallist@^4.0.0
100 http fetch GET 200 https://registry.npmjs.org/agent-base 72ms (cache miss)
101 http fetch GET 200 https://registry.npmjs.org/minizlib 93ms (cache miss)
102 http fetch GET 200 https://registry.npmjs.org/mkdirp 94ms (cache miss)
103 http fetch GET 200 https://registry.npmjs.org/chownr 109ms (cache miss)
104 http fetch GET 200 https://registry.npmjs.org/yallist 96ms (cache miss)
105 http fetch GET 200 https://registry.npmjs.org/fs-minipass 107ms (cache miss)
106 http fetch GET 200 https://registry.npmjs.org/minipass 108ms (cache miss)
107 http fetch GET 200 https://registry.npmjs.org/debug 135ms (cache miss)
108 timing idealTree:node_modules/giget Completed in 154ms
109 timing idealTree:node_modules/colorette Completed in 0ms
110 timing idealTree:node_modules/defu Completed in 0ms
111 silly placeDep ROOT agent-base@6.0.2 OK for: https-proxy-agent@5.0.1 want: 6
112 silly placeDep ROOT debug@4.3.4 OK for: https-proxy-agent@5.0.1 want: 4
113 silly fetch manifest ms@2.1.2
114 http fetch GET 200 https://registry.npmjs.org/ms 44ms (cache miss)
115 timing idealTree:node_modules/https-proxy-agent Completed in 55ms
116 timing idealTree:node_modules/agent-base Completed in 0ms
117 silly placeDep ROOT ms@2.1.2 OK for: debug@4.3.4 want: 2.1.2
118 timing idealTree:node_modules/debug Completed in 6ms
119 silly placeDep ROOT ansi-escapes@5.0.0 OK for: log-update@5.0.1 want: ^5.0.0
120 silly fetch manifest type-fest@^1.0.2
121 silly placeDep ROOT cli-cursor@4.0.0 OK for: log-update@5.0.1 want: ^4.0.0
122 silly fetch manifest restore-cursor@^4.0.0
123 silly placeDep ROOT slice-ansi@5.0.0 OK for: log-update@5.0.1 want: ^5.0.0
124 silly fetch manifest ansi-styles@^6.0.0
125 silly fetch manifest is-fullwidth-code-point@^4.0.0
126 silly placeDep ROOT strip-ansi@7.1.0 OK for: log-update@5.0.1 want: ^7.0.1
127 silly fetch manifest ansi-regex@^6.0.1
128 silly placeDep ROOT wrap-ansi@8.1.0 OK for: log-update@5.0.1 want: ^8.0.1
129 silly fetch manifest ansi-styles@^6.1.0
130 silly fetch manifest string-width@^5.0.1
131 http fetch GET 200 https://registry.npmjs.org/restore-cursor 101ms (cache miss)
132 http fetch GET 200 https://registry.npmjs.org/ansi-styles 105ms (cache miss)
133 http fetch GET 200 https://registry.npmjs.org/is-fullwidth-code-point 106ms (cache miss)
134 http fetch GET 200 https://registry.npmjs.org/ansi-regex 104ms (cache miss)
135 http fetch GET 200 https://registry.npmjs.org/string-width 98ms (cache miss)
136 http fetch GET 200 https://registry.npmjs.org/ansi-styles 104ms (cache miss)
137 http fetch GET 200 https://registry.npmjs.org/type-fest 140ms (cache miss)
138 timing idealTree:node_modules/log-update Completed in 155ms
139 silly placeDep ROOT type-fest@1.4.0 OK for: ansi-escapes@5.0.0 want: ^1.0.2
140 timing idealTree:node_modules/ansi-escapes Completed in 4ms
141 silly placeDep ROOT restore-cursor@4.0.0 OK for: cli-cursor@4.0.0 want: ^4.0.0
142 silly fetch manifest onetime@^5.1.0
143 silly fetch manifest signal-exit@^3.0.2
144 http fetch GET 200 https://registry.npmjs.org/onetime 56ms (cache miss)
145 http fetch GET 200 https://registry.npmjs.org/signal-exit 60ms (cache miss)
146 timing idealTree:node_modules/cli-cursor Completed in 69ms
147 timing idealTree:node_modules/mri Completed in 0ms
148 timing idealTree:node_modules/ms Completed in 0ms
149 timing idealTree:node_modules/node-fetch-native Completed in 0ms
150 timing idealTree:node_modules/pathe Completed in 0ms
151 silly placeDep ROOT onetime@5.1.2 OK for: restore-cursor@4.0.0 want: ^5.1.0
152 silly fetch manifest mimic-fn@^2.1.0
153 silly placeDep ROOT signal-exit@3.0.7 OK for: restore-cursor@4.0.0 want: ^3.0.2
154 http fetch GET 200 https://registry.npmjs.org/mimic-fn 50ms (cache miss)
155 timing idealTree:node_modules/restore-cursor Completed in 58ms
156 silly placeDep ROOT mimic-fn@2.1.0 OK for: onetime@5.1.2 want: ^2.1.0
157 timing idealTree:node_modules/onetime Completed in 2ms
158 timing idealTree:node_modules/mimic-fn Completed in 0ms
159 timing idealTree:node_modules/signal-exit Completed in 0ms
160 timing idealTree:node_modules/sisteransi Completed in 0ms
161 silly placeDep ROOT ansi-styles@6.2.1 OK for: slice-ansi@5.0.0 want: ^6.0.0
162 silly placeDep ROOT is-fullwidth-code-point@4.0.0 OK for: slice-ansi@5.0.0 want: ^4.0.0
163 timing idealTree:node_modules/slice-ansi Completed in 8ms
164 timing idealTree:node_modules/ansi-styles Completed in 0ms
165 timing idealTree:node_modules/is-fullwidth-code-point Completed in 0ms
166 silly placeDep ROOT ansi-regex@6.0.1 OK for: strip-ansi@7.1.0 want: ^6.0.1
167 timing idealTree:node_modules/strip-ansi Completed in 4ms
168 timing idealTree:node_modules/ansi-regex Completed in 0ms
169 silly placeDep ROOT chownr@2.0.0 OK for: tar@6.2.0 want: ^2.0.0
170 silly placeDep ROOT fs-minipass@2.1.0 OK for: tar@6.2.0 want: ^2.0.0
171 silly fetch manifest minipass@^3.0.0
172 silly placeDep ROOT minipass@5.0.0 OK for: tar@6.2.0 want: ^5.0.0
173 silly placeDep ROOT minizlib@2.1.2 OK for: tar@6.2.0 want: ^2.1.1
174 silly placeDep ROOT mkdirp@1.0.4 OK for: tar@6.2.0 want: ^1.0.3
175 silly placeDep ROOT yallist@4.0.0 OK for: tar@6.2.0 want: ^4.0.0
176 timing idealTree:node_modules/tar Completed in 26ms
177 timing idealTree:node_modules/chownr Completed in 0ms
178 silly placeDep node_modules/fs-minipass minipass@3.3.6 OK for: fs-minipass@2.1.0 want: ^3.0.0
179 timing idealTree:node_modules/fs-minipass Completed in 7ms
180 timing idealTree:node_modules/minipass Completed in 0ms
181 silly placeDep node_modules/minizlib minipass@3.3.6 OK for: minizlib@2.1.2 want: ^3.0.0
182 timing idealTree:node_modules/minizlib Completed in 4ms
183 timing idealTree:node_modules/mkdirp Completed in 0ms
184 timing idealTree:node_modules/type-fest Completed in 0ms
185 silly placeDep ROOT string-width@5.1.2 OK for: wrap-ansi@8.1.0 want: ^5.0.1
186 silly fetch manifest eastasianwidth@^0.2.0
187 silly fetch manifest emoji-regex@^9.2.2
188 http fetch GET 200 https://registry.npmjs.org/eastasianwidth 42ms (cache miss)
189 http fetch GET 200 https://registry.npmjs.org/emoji-regex 61ms (cache miss)
190 timing idealTree:node_modules/wrap-ansi Completed in 73ms
191 silly placeDep ROOT eastasianwidth@0.2.0 OK for: string-width@5.1.2 want: ^0.2.0
192 silly placeDep ROOT emoji-regex@9.2.2 OK for: string-width@5.1.2 want: ^9.2.2
193 timing idealTree:node_modules/string-width Completed in 7ms
194 timing idealTree:node_modules/eastasianwidth Completed in 0ms
195 timing idealTree:node_modules/emoji-regex Completed in 0ms
196 timing idealTree:node_modules/yallist Completed in 0ms
197 timing idealTree:node_modules/fs-minipass/node_modules/minipass Completed in 0ms
198 timing idealTree:node_modules/minizlib/node_modules/minipass Completed in 0ms
199 timing idealTree:buildDeps Completed in 2726ms
200 timing idealTree:fixDepFlags Completed in 2ms
201 timing idealTree Completed in 2752ms
202 timing reify:loadTrees Completed in 2753ms
203 timing reify:diffTrees Completed in 5ms
204 silly reify moves {}
205 timing reify:retireShallow Completed in 3ms
206 timing reify:createSparse Completed in 8ms
207 timing reify:loadBundles Completed in 0ms
208 silly audit bulk request {
208 silly audit   'create-astro': [ '4.5.1' ],
208 silly audit   '@astrojs/cli-kit': [ '0.3.1' ],
208 silly audit   giget: [ '1.1.2' ],
208 silly audit   chalk: [ '5.3.0' ],
208 silly audit   'log-update': [ '5.0.1' ],
208 silly audit   sisteransi: [ '1.0.5' ],
208 silly audit   colorette: [ '2.0.20' ],
208 silly audit   defu: [ '6.1.3' ],
208 silly audit   'https-proxy-agent': [ '5.0.1' ],
208 silly audit   mri: [ '1.2.0' ],
208 silly audit   'node-fetch-native': [ '1.4.1' ],
208 silly audit   pathe: [ '1.1.1' ],
208 silly audit   tar: [ '6.2.0' ],
208 silly audit   'agent-base': [ '6.0.2' ],
208 silly audit   debug: [ '4.3.4' ],
208 silly audit   ms: [ '2.1.2' ],
208 silly audit   'ansi-escapes': [ '5.0.0' ],
208 silly audit   'cli-cursor': [ '4.0.0' ],
208 silly audit   'slice-ansi': [ '5.0.0' ],
208 silly audit   'strip-ansi': [ '7.1.0' ],
208 silly audit   'wrap-ansi': [ '8.1.0' ],
208 silly audit   'type-fest': [ '1.4.0' ],
208 silly audit   'restore-cursor': [ '4.0.0' ],
208 silly audit   onetime: [ '5.1.2' ],
208 silly audit   'signal-exit': [ '3.0.7' ],
208 silly audit   'mimic-fn': [ '2.1.0' ],
208 silly audit   'ansi-styles': [ '6.2.1' ],
208 silly audit   'is-fullwidth-code-point': [ '4.0.0' ],
208 silly audit   'ansi-regex': [ '6.0.1' ],
208 silly audit   chownr: [ '2.0.0' ],
208 silly audit   'fs-minipass': [ '2.1.0' ],
208 silly audit   minipass: [ '5.0.0', '3.3.6' ],
208 silly audit   minizlib: [ '2.1.2' ],
208 silly audit   mkdirp: [ '1.0.4' ],
208 silly audit   yallist: [ '4.0.0' ],
208 silly audit   'string-width': [ '5.1.2' ],
208 silly audit   eastasianwidth: [ '0.2.0' ],
208 silly audit   'emoji-regex': [ '9.2.2' ]
208 silly audit }
209 silly tarball no local data for emoji-regex@https://registry.npmjs.org/emoji-regex/-/emoji-regex-9.2.2.tgz. Extracting by manifest.
210 silly tarball no local data for string-width@https://registry.npmjs.org/string-width/-/string-width-5.1.2.tgz. Extracting by manifest.
211 silly tarball no local data for eastasianwidth@https://registry.npmjs.org/eastasianwidth/-/eastasianwidth-0.2.0.tgz. Extracting by manifest.
212 silly tarball no local data for mkdirp@https://registry.npmjs.org/mkdirp/-/mkdirp-1.0.4.tgz. Extracting by manifest.
213 silly tarball no local data for minizlib@https://registry.npmjs.org/minizlib/-/minizlib-2.1.2.tgz. Extracting by manifest.
214 silly tarball no local data for yallist@https://registry.npmjs.org/yallist/-/yallist-4.0.0.tgz. Extracting by manifest.
215 silly tarball no local data for minipass@https://registry.npmjs.org/minipass/-/minipass-5.0.0.tgz. Extracting by manifest.
216 silly tarball no local data for fs-minipass@https://registry.npmjs.org/fs-minipass/-/fs-minipass-2.1.0.tgz. Extracting by manifest.
217 silly tarball no local data for chownr@https://registry.npmjs.org/chownr/-/chownr-2.0.0.tgz. Extracting by manifest.
218 silly tarball no local data for ansi-regex@https://registry.npmjs.org/ansi-regex/-/ansi-regex-6.0.1.tgz. Extracting by manifest.
219 silly tarball no local data for is-fullwidth-code-point@https://registry.npmjs.org/is-fullwidth-code-point/-/is-fullwidth-code-point-4.0.0.tgz. Extracting by manifest.
220 silly tarball no local data for ansi-styles@https://registry.npmjs.org/ansi-styles/-/ansi-styles-6.2.1.tgz. Extracting by manifest.
221 silly tarball no local data for mimic-fn@https://registry.npmjs.org/mimic-fn/-/mimic-fn-2.1.0.tgz. Extracting by manifest.
222 silly tarball no local data for signal-exit@https://registry.npmjs.org/signal-exit/-/signal-exit-3.0.7.tgz. Extracting by manifest.
223 silly tarball no local data for onetime@https://registry.npmjs.org/onetime/-/onetime-5.1.2.tgz. Extracting by manifest.
224 silly tarball no local data for restore-cursor@https://registry.npmjs.org/restore-cursor/-/restore-cursor-4.0.0.tgz. Extracting by manifest.
225 silly tarball no local data for type-fest@https://registry.npmjs.org/type-fest/-/type-fest-1.4.0.tgz. Extracting by manifest.
226 silly tarball no local data for wrap-ansi@https://registry.npmjs.org/wrap-ansi/-/wrap-ansi-8.1.0.tgz. Extracting by manifest.
227 silly tarball no local data for strip-ansi@https://registry.npmjs.org/strip-ansi/-/strip-ansi-7.1.0.tgz. Extracting by manifest.
228 silly tarball no local data for slice-ansi@https://registry.npmjs.org/slice-ansi/-/slice-ansi-5.0.0.tgz. Extracting by manifest.
229 silly tarball no local data for cli-cursor@https://registry.npmjs.org/cli-cursor/-/cli-cursor-4.0.0.tgz. Extracting by manifest.
230 silly tarball no local data for ansi-escapes@https://registry.npmjs.org/ansi-escapes/-/ansi-escapes-5.0.0.tgz. Extracting by manifest.
231 silly tarball no local data for ms@https://registry.npmjs.org/ms/-/ms-2.1.2.tgz. Extracting by manifest.
232 silly tarball no local data for debug@https://registry.npmjs.org/debug/-/debug-4.3.4.tgz. Extracting by manifest.
233 silly tarball no local data for agent-base@https://registry.npmjs.org/agent-base/-/agent-base-6.0.2.tgz. Extracting by manifest.
234 silly tarball no local data for pathe@https://registry.npmjs.org/pathe/-/pathe-1.1.1.tgz. Extracting by manifest.
235 silly tarball no local data for tar@https://registry.npmjs.org/tar/-/tar-6.2.0.tgz. Extracting by manifest.
236 silly tarball no local data for node-fetch-native@https://registry.npmjs.org/node-fetch-native/-/node-fetch-native-1.4.1.tgz. Extracting by manifest.
237 silly tarball no local data for mri@https://registry.npmjs.org/mri/-/mri-1.2.0.tgz. Extracting by manifest.
238 silly tarball no local data for defu@https://registry.npmjs.org/defu/-/defu-6.1.3.tgz. Extracting by manifest.
239 silly tarball no local data for colorette@https://registry.npmjs.org/colorette/-/colorette-2.0.20.tgz. Extracting by manifest.
240 silly tarball no local data for sisteransi@https://registry.npmjs.org/sisteransi/-/sisteransi-1.0.5.tgz. Extracting by manifest.
241 silly tarball no local data for https-proxy-agent@https://registry.npmjs.org/https-proxy-agent/-/https-proxy-agent-5.0.1.tgz. Extracting by manifest.
242 silly tarball no local data for log-update@https://registry.npmjs.org/log-update/-/log-update-5.0.1.tgz. Extracting by manifest.
243 silly tarball no local data for chalk@https://registry.npmjs.org/chalk/-/chalk-5.3.0.tgz. Extracting by manifest.
244 silly tarball no local data for giget@https://registry.npmjs.org/giget/-/giget-1.1.2.tgz. Extracting by manifest.
245 silly tarball no local data for @astrojs/cli-kit@https://registry.npmjs.org/@astrojs/cli-kit/-/cli-kit-0.3.1.tgz. Extracting by manifest.
246 silly tarball no local data for create-astro@https://registry.npmjs.org/create-astro/-/create-astro-4.5.1.tgz. Extracting by manifest.
247 silly tarball no local data for minipass@https://registry.npmjs.org/minipass/-/minipass-3.3.6.tgz. Extracting by manifest.
248 silly tarball no local data for minipass@https://registry.npmjs.org/minipass/-/minipass-3.3.6.tgz. Extracting by manifest.
249 http fetch POST 200 https://registry.npmjs.org/-/npm/v1/security/advisories/bulk 656ms
250 timing auditReport:getReport Completed in 665ms
251 silly audit report {}
252 timing auditReport:init Completed in 0ms
253 timing reify:audit Completed in 668ms
254 http fetch GET 200 https://registry.npmjs.org/eastasianwidth/-/eastasianwidth-0.2.0.tgz 704ms (cache miss)
255 timing reifyNode:node_modules/eastasianwidth Completed in 764ms
256 http fetch GET 200 https://registry.npmjs.org/minizlib/-/minizlib-2.1.2.tgz 719ms (cache miss)
257 timing reifyNode:node_modules/minizlib Completed in 782ms
258 http fetch GET 200 https://registry.npmjs.org/emoji-regex/-/emoji-regex-9.2.2.tgz 735ms (cache miss)
259 http fetch GET 200 https://registry.npmjs.org/chownr/-/chownr-2.0.0.tgz 719ms (cache miss)
260 timing reifyNode:node_modules/chownr Completed in 788ms
261 http fetch GET 200 https://registry.npmjs.org/mkdirp/-/mkdirp-1.0.4.tgz 729ms (cache miss)
262 timing reifyNode:node_modules/mkdirp Completed in 790ms
263 http fetch GET 200 https://registry.npmjs.org/string-width/-/string-width-5.1.2.tgz 734ms (cache miss)
264 timing reifyNode:node_modules/string-width Completed in 791ms
265 http fetch GET 200 https://registry.npmjs.org/fs-minipass/-/fs-minipass-2.1.0.tgz 740ms (cache miss)
266 timing reifyNode:node_modules/fs-minipass Completed in 808ms
267 http fetch GET 200 https://registry.npmjs.org/yallist/-/yallist-4.0.0.tgz 744ms (cache miss)
268 timing reifyNode:node_modules/yallist Completed in 810ms
269 http fetch GET 200 https://registry.npmjs.org/minipass/-/minipass-3.3.6.tgz 567ms (cache miss)
270 timing reifyNode:node_modules/fs-minipass/node_modules/minipass Completed in 811ms
271 http fetch GET 200 https://registry.npmjs.org/restore-cursor/-/restore-cursor-4.0.0.tgz 750ms (cache miss)
272 timing reifyNode:node_modules/restore-cursor Completed in 830ms
273 http fetch GET 200 https://registry.npmjs.org/strip-ansi/-/strip-ansi-7.1.0.tgz 746ms (cache miss)
274 timing reifyNode:node_modules/strip-ansi Completed in 831ms
275 http fetch GET 200 https://registry.npmjs.org/ms/-/ms-2.1.2.tgz 747ms (cache miss)
276 timing reifyNode:node_modules/ms Completed in 839ms
277 http fetch GET 200 https://registry.npmjs.org/ansi-escapes/-/ansi-escapes-5.0.0.tgz 749ms (cache miss)
278 timing reifyNode:node_modules/ansi-escapes Completed in 840ms
279 http fetch GET 200 https://registry.npmjs.org/onetime/-/onetime-5.1.2.tgz 763ms (cache miss)
280 timing reifyNode:node_modules/onetime Completed in 842ms
281 http fetch GET 200 https://registry.npmjs.org/slice-ansi/-/slice-ansi-5.0.0.tgz 756ms (cache miss)
282 timing reifyNode:node_modules/slice-ansi Completed in 842ms
283 http fetch GET 200 https://registry.npmjs.org/ansi-regex/-/ansi-regex-6.0.1.tgz 773ms (cache miss)
284 timing reifyNode:node_modules/ansi-regex Completed in 844ms
285 http fetch GET 200 https://registry.npmjs.org/cli-cursor/-/cli-cursor-4.0.0.tgz 756ms (cache miss)
286 timing reifyNode:node_modules/cli-cursor Completed in 844ms
287 http fetch GET 200 https://registry.npmjs.org/sisteransi/-/sisteransi-1.0.5.tgz 732ms (cache miss)
288 timing reifyNode:node_modules/sisteransi Completed in 844ms
289 http fetch GET 200 https://registry.npmjs.org/mimic-fn/-/mimic-fn-2.1.0.tgz 771ms (cache miss)
290 timing reifyNode:node_modules/mimic-fn Completed in 848ms
291 http fetch GET 200 https://registry.npmjs.org/minipass/-/minipass-5.0.0.tgz 782ms (cache miss)
292 timing reifyNode:node_modules/minipass Completed in 849ms
293 http fetch GET 200 https://registry.npmjs.org/is-fullwidth-code-point/-/is-fullwidth-code-point-4.0.0.tgz 780ms (cache miss)
294 timing reifyNode:node_modules/is-fullwidth-code-point Completed in 853ms
295 http fetch GET 200 https://registry.npmjs.org/log-update/-/log-update-5.0.1.tgz 737ms (cache miss)
296 timing reifyNode:node_modules/log-update Completed in 855ms
297 http fetch GET 200 https://registry.npmjs.org/wrap-ansi/-/wrap-ansi-8.1.0.tgz 773ms (cache miss)
298 timing reifyNode:node_modules/wrap-ansi Completed in 856ms
299 http fetch GET 200 https://registry.npmjs.org/ansi-styles/-/ansi-styles-6.2.1.tgz 782ms (cache miss)
300 timing reifyNode:node_modules/ansi-styles Completed in 858ms
301 http fetch GET 200 https://registry.npmjs.org/defu/-/defu-6.1.3.tgz 747ms (cache miss)
302 timing reifyNode:node_modules/defu Completed in 857ms
303 http fetch GET 200 https://registry.npmjs.org/signal-exit/-/signal-exit-3.0.7.tgz 785ms (cache miss)
304 timing reifyNode:node_modules/signal-exit Completed in 862ms
305 http fetch GET 200 https://registry.npmjs.org/mri/-/mri-1.2.0.tgz 755ms (cache miss)
306 timing reifyNode:node_modules/mri Completed in 862ms
307 timing reifyNode:node_modules/emoji-regex Completed in 867ms
308 http fetch GET 200 https://registry.npmjs.org/giget/-/giget-1.1.2.tgz 753ms (cache miss)
309 timing reifyNode:node_modules/giget Completed in 873ms
310 http fetch GET 200 https://registry.npmjs.org/colorette/-/colorette-2.0.20.tgz 764ms (cache miss)
311 timing reifyNode:node_modules/colorette Completed in 874ms
312 http fetch GET 200 https://registry.npmjs.org/minipass/-/minipass-3.3.6.tgz 757ms (cache miss)
313 timing reifyNode:node_modules/minizlib/node_modules/minipass Completed in 885ms
314 http fetch GET 200 https://registry.npmjs.org/https-proxy-agent/-/https-proxy-agent-5.0.1.tgz 770ms (cache miss)
315 timing reifyNode:node_modules/https-proxy-agent Completed in 883ms
316 http fetch GET 200 https://registry.npmjs.org/agent-base/-/agent-base-6.0.2.tgz 782ms (cache miss)
317 timing reifyNode:node_modules/agent-base Completed in 884ms
318 http fetch GET 200 https://registry.npmjs.org/pathe/-/pathe-1.1.1.tgz 785ms (cache miss)
319 timing reifyNode:node_modules/pathe Completed in 890ms
320 http fetch GET 200 https://registry.npmjs.org/debug/-/debug-4.3.4.tgz 798ms (cache miss)
321 timing reifyNode:node_modules/debug Completed in 894ms
322 http fetch GET 200 https://registry.npmjs.org/create-astro/-/create-astro-4.5.1.tgz 776ms (cache miss)
323 http fetch GET 200 https://registry.npmjs.org/chalk/-/chalk-5.3.0.tgz 783ms (cache miss)
324 timing reifyNode:node_modules/chalk Completed in 901ms
325 timing reifyNode:node_modules/create-astro Completed in 902ms
326 http fetch GET 200 https://registry.npmjs.org/tar/-/tar-6.2.0.tgz 836ms (cache miss)
327 timing reifyNode:node_modules/tar Completed in 942ms
328 http fetch GET 200 https://registry.npmjs.org/node-fetch-native/-/node-fetch-native-1.4.1.tgz 835ms (cache miss)
329 timing reifyNode:node_modules/node-fetch-native Completed in 943ms
330 http fetch GET 200 https://registry.npmjs.org/type-fest/-/type-fest-1.4.0.tgz 869ms (cache miss)
331 timing reifyNode:node_modules/type-fest Completed in 950ms
332 http fetch GET 200 https://registry.npmjs.org/@astrojs/cli-kit/-/cli-kit-0.3.1.tgz 1219ms (cache miss)
333 timing reifyNode:node_modules/@astrojs/cli-kit Completed in 1341ms
334 timing reify:unpack Completed in 1346ms
335 timing reify:unretire Completed in 0ms
336 timing build:queue Completed in 3ms
337 timing build:link:node_modules/create-astro Completed in 7ms
338 timing build:link:node_modules/mkdirp Completed in 5ms
339 timing build:link:node_modules/giget Completed in 6ms
340 timing build:link Completed in 8ms
341 timing build:deps Completed in 12ms
342 timing build Completed in 12ms
343 timing reify:build Completed in 13ms
344 timing reify:trash Completed in 0ms
345 timing reify:save Completed in 41ms
346 timing reify Completed in 4227ms
347 timing command:create Completed in 157350ms
348 notice
348 notice New [33mminor[39m version of npm available! [31m10.1.0[39m -> [32m10.2.4[39m
348 notice Changelog: [36mhttps://github.com/npm/cli/releases/tag/v10.2.4[39m
348 notice Run [32mnpm install -g npm@10.2.4[39m to update!
348 notice
349 verbose exit 0
350 timing npm Completed in 157805ms
351 info ok
