0 verbose cli /usr/local/bin/node /usr/local/bin/npm
1 info using npm@10.1.0
2 info using node@v20.7.0
3 timing npm:load:whichnode Completed in 2ms
4 timing config:load:defaults Completed in 3ms
5 timing config:load:file:/usr/local/lib/node_modules/npm/npmrc Completed in 1ms
6 timing config:load:builtin Completed in 1ms
7 timing config:load:cli Completed in 5ms
8 timing config:load:env Completed in 1ms
9 timing config:load:file:/home/node/codigofpsvg/.npmrc Completed in 0ms
10 timing config:load:project Completed in 1ms
11 timing config:load:file:/home/node/.npmrc Completed in 0ms
12 timing config:load:user Completed in 1ms
13 timing config:load:file:/usr/local/etc/npmrc Completed in 0ms
14 timing config:load:global Completed in 1ms
15 timing config:load:setEnvs Completed in 1ms
16 timing config:load Completed in 14ms
17 timing npm:load:configload Completed in 14ms
18 timing config:load:flatten Completed in 7ms
19 timing npm:load:mkdirpcache Completed in 8ms
20 timing npm:load:mkdirplogs Completed in 10ms
21 verbose title npm run 172.17.0.2:4321 dev
22 verbose argv "run" "--host" "172.17.0.2:4321" "dev"
23 timing npm:load:setTitle Completed in 3ms
24 timing npm:load:display Completed in 1ms
25 verbose logfile logs-max:10 dir:/home/node/.npm/_logs/2023-11-23T17_46_21_545Z-
26 verbose logfile /home/node/.npm/_logs/2023-11-23T17_46_21_545Z-debug-0.log
27 timing npm:load:logFile Completed in 18ms
28 timing npm:load:timers Completed in 0ms
29 timing npm:load:configScope Completed in 0ms
30 timing npm:load Completed in 89ms
31 silly logfile done cleaning log files
32 timing command:run Completed in 17ms
33 verbose stack Error: Missing script: "172.17.0.2:4321"
33 verbose stack
33 verbose stack To see a list of scripts, run:
33 verbose stack   npm run
33 verbose stack     at RunScript.run (/usr/local/lib/node_modules/npm/lib/commands/run-script.js:94:13)
33 verbose stack     at async module.exports (/usr/local/lib/node_modules/npm/lib/cli-entry.js:61:5)
34 verbose cwd /home/node/codigofpsvg
35 verbose Linux 6.5.0-13-generic
36 verbose node v20.7.0
37 verbose npm  v10.1.0
38 error Missing script: "172.17.0.2:4321"
38 error
38 error To see a list of scripts, run:
38 error   npm run
39 verbose exit 1
40 timing npm Completed in 199ms
41 verbose code 1
42 error A complete log of this run can be found in: /home/node/.npm/_logs/2023-11-23T17_46_21_545Z-debug-0.log
