0 verbose cli /usr/local/bin/node /usr/local/bin/npm
1 info using npm@10.1.0
2 info using node@v20.7.0
3 timing npm:load:whichnode Completed in 2ms
4 timing config:load:defaults Completed in 3ms
5 timing config:load:file:/usr/local/lib/node_modules/npm/npmrc Completed in 1ms
6 timing config:load:builtin Completed in 1ms
7 timing config:load:cli Completed in 4ms
8 timing config:load:env Completed in 1ms
9 timing config:load:file:/home/node/codigofpsvg/.npmrc Completed in 0ms
10 timing config:load:project Completed in 1ms
11 timing config:load:file:/home/node/.npmrc Completed in 0ms
12 timing config:load:user Completed in 0ms
13 timing config:load:file:/usr/local/etc/npmrc Completed in 0ms
14 timing config:load:global Completed in 1ms
15 timing config:load:setEnvs Completed in 2ms
16 timing config:load Completed in 14ms
17 timing npm:load:configload Completed in 15ms
18 timing config:load:flatten Completed in 6ms
19 timing npm:load:mkdirpcache Completed in 0ms
20 timing npm:load:mkdirplogs Completed in 1ms
21 verbose title npm add @astrojs/check typescript
22 verbose argv "add" "@astrojs/check" "typescript"
23 timing npm:load:setTitle Completed in 2ms
24 timing npm:load:display Completed in 2ms
25 verbose logfile logs-max:10 dir:/home/node/.npm/_logs/2023-11-23T17_30_53_148Z-
26 verbose logfile /home/node/.npm/_logs/2023-11-23T17_30_53_148Z-debug-0.log
27 timing npm:load:logFile Completed in 19ms
28 timing npm:load:timers Completed in 0ms
29 timing npm:load:configScope Completed in 0ms
30 timing npm:load Completed in 79ms
31 timing arborist:ctor Completed in 3ms
32 silly logfile done cleaning log files
33 timing idealTree:init Completed in 514ms
34 timing idealTree:userRequests Completed in 3ms
35 silly idealTree buildDeps
36 silly fetch manifest @astrojs/check@*
37 timing arborist:ctor Completed in 1ms
38 http fetch GET 200 https://registry.npmjs.org/@astrojs%2fcheck 1445ms (cache miss)
39 silly fetch manifest typescript@*
40 http fetch GET 200 https://registry.npmjs.org/typescript 48ms (cache hit)
41 silly placeDep ROOT @astrojs/check@0.3.1 OK for: codigofpsvg@0.0.1 want: *
42 silly placeDep ROOT typescript@5.3.2 OK for: @astrojs/check@0.3.1 want: ^5.0.0
43 silly fetch manifest @astrojs/language-server@^2.5.2
44 silly fetch manifest yargs@^17.7.2
45 silly placeDep ROOT typescript@5.3.2 REPLACE for: codigofpsvg@0.0.1 want: *
46 http fetch GET 200 https://registry.npmjs.org/@astrojs%2flanguage-server 209ms (cache miss)
47 http fetch GET 200 https://registry.npmjs.org/yargs 216ms (cache miss)
48 timing idealTree:#root Completed in 1815ms
49 silly fetch manifest prettier@^3.0.0
50 http fetch GET 200 https://registry.npmjs.org/prettier 102ms (cache miss)
51 silly fetch manifest prettier-plugin-astro@>=0.11.0
52 http fetch GET 200 https://registry.npmjs.org/prettier-plugin-astro 50ms (cache miss)
53 silly placeDep ROOT @astrojs/language-server@2.5.2 OK for: @astrojs/check@0.3.1 want: ^2.5.2
54 silly fetch manifest @volar/kit@~1.10.9
55 silly fetch manifest @volar/language-core@~1.10.9
56 silly fetch manifest @volar/language-server@~1.10.9
57 silly fetch manifest @volar/language-service@~1.10.9
58 silly fetch manifest @volar/source-map@~1.10.9
59 silly fetch manifest @volar/typescript@~1.10.9
60 silly fetch manifest muggle-string@^0.3.1
61 silly fetch manifest volar-service-css@0.0.16
62 silly fetch manifest volar-service-emmet@0.0.16
63 silly fetch manifest volar-service-html@0.0.16
64 silly fetch manifest volar-service-prettier@0.0.16
65 silly fetch manifest volar-service-typescript@0.0.16
66 silly fetch manifest volar-service-typescript-twoslash-queries@0.0.16
67 silly fetch manifest vscode-html-languageservice@^5.1.0
68 silly fetch manifest vscode-uri@^3.0.8
69 silly placeDep ROOT yargs@17.7.2 OK for: @astrojs/check@0.3.1 want: ^17.7.2
70 silly fetch manifest cliui@^8.0.1
71 silly fetch manifest get-caller-file@^2.0.5
72 silly fetch manifest require-directory@^2.1.1
73 silly fetch manifest string-width@^4.2.3
74 silly fetch manifest y18n@^5.0.5
75 http fetch GET 200 https://registry.npmjs.org/string-width 163ms (cache hit)
76 http fetch GET 200 https://registry.npmjs.org/vscode-uri 214ms (cache miss)
77 http fetch GET 200 https://registry.npmjs.org/get-caller-file 213ms (cache miss)
78 http fetch GET 200 https://registry.npmjs.org/require-directory 231ms (cache miss)
79 http fetch GET 200 https://registry.npmjs.org/y18n 231ms (cache miss)
80 http fetch GET 200 https://registry.npmjs.org/cliui 241ms (cache miss)
81 http fetch GET 200 https://registry.npmjs.org/@volar%2ftypescript 474ms (cache miss)
82 http fetch GET 200 https://registry.npmjs.org/@volar%2fsource-map 527ms (cache miss)
83 http fetch GET 200 https://registry.npmjs.org/volar-service-emmet 891ms (cache miss)
84 http fetch GET 200 https://registry.npmjs.org/muggle-string 916ms (cache miss)
85 http fetch GET 200 https://registry.npmjs.org/volar-service-typescript 914ms (cache miss)
86 http fetch GET 200 https://registry.npmjs.org/volar-service-css 951ms (cache miss)
87 http fetch GET 200 https://registry.npmjs.org/volar-service-html 965ms (cache miss)
88 http fetch GET 200 https://registry.npmjs.org/volar-service-typescript-twoslash-queries 973ms (cache miss)
89 http fetch GET 200 https://registry.npmjs.org/volar-service-prettier 976ms (cache miss)
90 http fetch GET 200 https://registry.npmjs.org/vscode-html-languageservice 1015ms (cache miss)
91 http fetch GET 200 https://registry.npmjs.org/@volar%2flanguage-core 1629ms (cache miss)
92 http fetch GET 200 https://registry.npmjs.org/@volar%2fkit 1639ms (cache miss)
93 http fetch GET 200 https://registry.npmjs.org/@volar%2flanguage-service 1738ms (cache miss)
94 http fetch GET 200 https://registry.npmjs.org/@volar%2flanguage-server 1849ms (cache miss)
95 timing idealTree:node_modules/@astrojs/check Completed in 2035ms
96 silly placeDep ROOT @volar/kit@1.10.10 OK for: @astrojs/language-server@2.5.2 want: ~1.10.9
97 silly fetch manifest @volar/language-service@1.10.10
98 silly fetch manifest typesafe-path@^0.2.2
99 silly fetch manifest vscode-languageserver-textdocument@^1.0.11
100 silly placeDep ROOT @volar/language-core@1.10.10 OK for: @astrojs/language-server@2.5.2 want: ~1.10.9
101 silly fetch manifest @volar/source-map@1.10.10
102 silly placeDep ROOT @volar/language-server@1.10.10 OK for: @astrojs/language-server@2.5.2 want: ~1.10.9
103 silly fetch manifest @volar/typescript@1.10.10
104 silly fetch manifest @vscode/l10n@^0.0.16
105 silly fetch manifest path-browserify@^1.0.1
106 silly fetch manifest request-light@^0.7.0
107 silly fetch manifest vscode-languageserver@^9.0.1
108 silly fetch manifest vscode-languageserver-protocol@^3.17.5
109 silly placeDep ROOT @volar/language-service@1.10.10 OK for: @astrojs/language-server@2.5.2 want: ~1.10.9
110 silly placeDep ROOT @volar/source-map@1.10.10 OK for: @astrojs/language-server@2.5.2 want: ~1.10.9
111 silly placeDep ROOT @volar/typescript@1.10.10 OK for: @astrojs/language-server@2.5.2 want: ~1.10.9
112 silly placeDep ROOT muggle-string@0.3.1 OK for: @astrojs/language-server@2.5.2 want: ^0.3.1
113 silly placeDep ROOT volar-service-css@0.0.16 OK for: @astrojs/language-server@2.5.2 want: 0.0.16
114 silly fetch manifest vscode-css-languageservice@^6.2.10
115 silly placeDep ROOT volar-service-emmet@0.0.16 OK for: @astrojs/language-server@2.5.2 want: 0.0.16
116 silly fetch manifest @vscode/emmet-helper@^2.9.2
117 silly placeDep ROOT volar-service-html@0.0.16 OK for: @astrojs/language-server@2.5.2 want: 0.0.16
118 silly placeDep ROOT volar-service-prettier@0.0.16 OK for: @astrojs/language-server@2.5.2 want: 0.0.16
119 silly placeDep ROOT volar-service-typescript@0.0.16 OK for: @astrojs/language-server@2.5.2 want: 0.0.16
120 silly fetch manifest typescript-auto-import-cache@^0.3.0
121 silly fetch manifest vscode-nls@^5.2.0
122 silly placeDep ROOT volar-service-typescript-twoslash-queries@0.0.16 OK for: @astrojs/language-server@2.5.2 want: 0.0.16
123 silly placeDep ROOT vscode-html-languageservice@5.1.1 OK for: @astrojs/language-server@2.5.2 want: ^5.1.0
124 silly fetch manifest vscode-languageserver-types@^3.17.5
125 silly placeDep ROOT vscode-uri@3.0.8 OK for: @astrojs/language-server@2.5.2 want: ^3.0.8
126 http fetch GET 200 https://registry.npmjs.org/vscode-languageserver-textdocument 142ms (cache miss)
127 http fetch GET 200 https://registry.npmjs.org/path-browserify 135ms (cache miss)
128 http fetch GET 200 https://registry.npmjs.org/vscode-languageserver-types 105ms (cache miss)
129 http fetch GET 200 https://registry.npmjs.org/vscode-languageserver 172ms (cache miss)
130 http fetch GET 200 https://registry.npmjs.org/@vscode%2femmet-helper 189ms (cache miss)
131 http fetch GET 200 https://registry.npmjs.org/@vscode%2fl10n 226ms (cache miss)
132 http fetch GET 200 https://registry.npmjs.org/vscode-languageserver-protocol 256ms (cache miss)
133 http fetch GET 200 https://registry.npmjs.org/request-light 804ms (cache miss)
134 http fetch GET 200 https://registry.npmjs.org/vscode-nls 789ms (cache miss)
135 http fetch GET 200 https://registry.npmjs.org/typesafe-path 858ms (cache miss)
136 http fetch GET 200 https://registry.npmjs.org/typescript-auto-import-cache 811ms (cache miss)
137 http fetch GET 200 https://registry.npmjs.org/vscode-css-languageservice 911ms (cache miss)
138 timing idealTree:node_modules/@astrojs/language-server Completed in 995ms
139 silly placeDep ROOT typesafe-path@0.2.2 OK for: @volar/kit@1.10.10 want: ^0.2.2
140 silly placeDep ROOT vscode-languageserver-textdocument@1.0.11 OK for: @volar/kit@1.10.10 want: ^1.0.11
141 timing idealTree:node_modules/@volar/kit Completed in 9ms
142 timing idealTree:node_modules/@volar/language-core Completed in 0ms
143 silly placeDep ROOT @vscode/l10n@0.0.16 OK for: @volar/language-server@1.10.10 want: ^0.0.16
144 silly placeDep ROOT path-browserify@1.0.1 OK for: @volar/language-server@1.10.10 want: ^1.0.1
145 silly placeDep ROOT request-light@0.7.0 OK for: @volar/language-server@1.10.10 want: ^0.7.0
146 silly placeDep ROOT vscode-languageserver@9.0.1 OK for: @volar/language-server@1.10.10 want: ^9.0.1
147 silly fetch manifest vscode-languageserver-protocol@3.17.5
148 silly placeDep ROOT vscode-languageserver-protocol@3.17.5 OK for: @volar/language-server@1.10.10 want: ^3.17.5
149 silly fetch manifest vscode-jsonrpc@8.2.0
150 silly fetch manifest vscode-languageserver-types@3.17.5
151 http fetch GET 200 https://registry.npmjs.org/vscode-jsonrpc 92ms (cache miss)
152 timing idealTree:node_modules/@volar/language-server Completed in 114ms
153 timing idealTree:node_modules/@volar/language-service Completed in 0ms
154 timing idealTree:node_modules/@volar/source-map Completed in 0ms
155 timing idealTree:node_modules/@volar/typescript Completed in 0ms
156 timing idealTree:node_modules/@vscode/l10n Completed in 0ms
157 timing idealTree:node_modules/muggle-string Completed in 0ms
158 timing idealTree:node_modules/path-browserify Completed in 0ms
159 timing idealTree:node_modules/request-light Completed in 0ms
160 timing idealTree:node_modules/typesafe-path Completed in 0ms
161 timing idealTree:node_modules/typescript Completed in 0ms
162 silly placeDep ROOT vscode-css-languageservice@6.2.10 OK for: volar-service-css@0.0.16 want: ^6.2.10
163 timing idealTree:node_modules/volar-service-css Completed in 7ms
164 silly placeDep ROOT @vscode/emmet-helper@2.9.2 OK for: volar-service-emmet@0.0.16 want: ^2.9.2
165 silly fetch manifest emmet@^2.4.3
166 silly fetch manifest jsonc-parser@^2.3.0
167 silly fetch manifest vscode-languageserver-types@^3.15.1
168 silly fetch manifest vscode-uri@^2.1.2
169 http fetch GET 200 https://registry.npmjs.org/jsonc-parser 74ms (cache miss)
170 http fetch GET 200 https://registry.npmjs.org/emmet 82ms (cache miss)
171 timing idealTree:node_modules/volar-service-emmet Completed in 89ms
172 silly placeDep ROOT emmet@2.4.6 OK for: @vscode/emmet-helper@2.9.2 want: ^2.4.3
173 silly fetch manifest @emmetio/abbreviation@^2.3.3
174 silly fetch manifest @emmetio/css-abbreviation@^2.1.8
175 silly placeDep ROOT jsonc-parser@2.3.1 OK for: @vscode/emmet-helper@2.9.2 want: ^2.3.0
176 silly placeDep ROOT vscode-languageserver-types@3.17.5 OK for: @vscode/emmet-helper@2.9.2 want: ^3.15.1
177 silly placeDep node_modules/@vscode/emmet-helper vscode-uri@2.1.2 OK for: @vscode/emmet-helper@2.9.2 want: ^2.1.2
178 http fetch GET 200 https://registry.npmjs.org/@emmetio%2fabbreviation 1552ms (cache miss)
179 http fetch GET 200 https://registry.npmjs.org/@emmetio%2fcss-abbreviation 1636ms (cache miss)
180 timing idealTree:node_modules/@vscode/emmet-helper Completed in 1646ms
181 silly placeDep ROOT @emmetio/abbreviation@2.3.3 OK for: emmet@2.4.6 want: ^2.3.3
182 silly fetch manifest @emmetio/scanner@^1.0.4
183 silly placeDep ROOT @emmetio/css-abbreviation@2.1.8 OK for: emmet@2.4.6 want: ^2.1.8
184 http fetch GET 200 https://registry.npmjs.org/@emmetio%2fscanner 134ms (cache miss)
185 timing idealTree:node_modules/emmet Completed in 141ms
186 silly placeDep ROOT @emmetio/scanner@1.0.4 OK for: @emmetio/abbreviation@2.3.3 want: ^1.0.4
187 timing idealTree:node_modules/@emmetio/abbreviation Completed in 4ms
188 timing idealTree:node_modules/@emmetio/css-abbreviation Completed in 0ms
189 timing idealTree:node_modules/@emmetio/scanner Completed in 0ms
190 timing idealTree:node_modules/jsonc-parser Completed in 0ms
191 timing idealTree:node_modules/volar-service-html Completed in 0ms
192 timing idealTree:node_modules/volar-service-prettier Completed in 0ms
193 silly placeDep ROOT typescript-auto-import-cache@0.3.0 OK for: volar-service-typescript@0.0.16 want: ^0.3.0
194 silly placeDep ROOT vscode-nls@5.2.0 OK for: volar-service-typescript@0.0.16 want: ^5.2.0
195 timing idealTree:node_modules/volar-service-typescript Completed in 9ms
196 timing idealTree:node_modules/typescript-auto-import-cache Completed in 0ms
197 timing idealTree:node_modules/volar-service-typescript-twoslash-queries Completed in 0ms
198 timing idealTree:node_modules/vscode-css-languageservice Completed in 0ms
199 timing idealTree:node_modules/vscode-html-languageservice Completed in 0ms
200 timing idealTree:node_modules/vscode-languageserver Completed in 0ms
201 silly placeDep ROOT vscode-jsonrpc@8.2.0 OK for: vscode-languageserver-protocol@3.17.5 want: 8.2.0
202 timing idealTree:node_modules/vscode-languageserver-protocol Completed in 7ms
203 timing idealTree:node_modules/vscode-jsonrpc Completed in 0ms
204 timing idealTree:node_modules/vscode-languageserver-textdocument Completed in 0ms
205 timing idealTree:node_modules/vscode-languageserver-types Completed in 0ms
206 timing idealTree:node_modules/vscode-nls Completed in 0ms
207 timing idealTree:node_modules/vscode-uri Completed in 0ms
208 silly placeDep ROOT cliui@8.0.1 OK for: yargs@17.7.2 want: ^8.0.1
209 silly fetch manifest string-width@^4.2.0
210 silly fetch manifest strip-ansi@^6.0.1
211 silly fetch manifest wrap-ansi@^7.0.0
212 silly placeDep ROOT get-caller-file@2.0.5 OK for: yargs@17.7.2 want: ^2.0.5
213 silly placeDep ROOT require-directory@2.1.1 OK for: yargs@17.7.2 want: ^2.1.1
214 silly placeDep node_modules/yargs string-width@4.2.3 OK for: yargs@17.7.2 want: ^4.2.3
215 silly fetch manifest emoji-regex@^8.0.0
216 silly placeDep ROOT y18n@5.0.8 OK for: yargs@17.7.2 want: ^5.0.5
217 http fetch GET 200 https://registry.npmjs.org/strip-ansi 31ms (cache hit)
218 http fetch GET 200 https://registry.npmjs.org/emoji-regex 20ms (cache hit)
219 http fetch GET 200 https://registry.npmjs.org/wrap-ansi 35ms (cache hit)
220 timing idealTree:node_modules/yargs Completed in 59ms
221 silly placeDep node_modules/cliui string-width@4.2.3 OK for: cliui@8.0.1 want: ^4.2.0
222 silly placeDep node_modules/cliui strip-ansi@6.0.1 OK for: cliui@8.0.1 want: ^6.0.1
223 silly fetch manifest ansi-regex@^5.0.1
224 silly placeDep node_modules/cliui wrap-ansi@7.0.0 OK for: cliui@8.0.1 want: ^7.0.0
225 silly fetch manifest ansi-styles@^4.0.0
226 http fetch GET 200 https://registry.npmjs.org/ansi-styles 9ms (cache hit)
227 http fetch GET 200 https://registry.npmjs.org/ansi-regex 16ms (cache hit)
228 timing idealTree:node_modules/cliui Completed in 30ms
229 timing idealTree:node_modules/get-caller-file Completed in 0ms
230 timing idealTree:node_modules/require-directory Completed in 0ms
231 timing idealTree:node_modules/y18n Completed in 0ms
232 timing idealTree:node_modules/@vscode/emmet-helper/node_modules/vscode-uri Completed in 0ms
233 silly placeDep node_modules/cliui emoji-regex@8.0.0 OK for: string-width@4.2.3 want: ^8.0.0
234 timing idealTree:node_modules/cliui/node_modules/string-width Completed in 5ms
235 timing idealTree:node_modules/cliui/node_modules/emoji-regex Completed in 0ms
236 silly placeDep node_modules/cliui ansi-regex@5.0.1 OK for: strip-ansi@6.0.1 want: ^5.0.1
237 timing idealTree:node_modules/cliui/node_modules/strip-ansi Completed in 4ms
238 timing idealTree:node_modules/cliui/node_modules/ansi-regex Completed in 0ms
239 silly placeDep node_modules/cliui ansi-styles@4.3.0 OK for: wrap-ansi@7.0.0 want: ^4.0.0
240 silly fetch manifest color-convert@^2.0.1
241 http fetch GET 200 https://registry.npmjs.org/color-convert 9ms (cache hit)
242 timing idealTree:node_modules/cliui/node_modules/wrap-ansi Completed in 16ms
243 silly placeDep node_modules/cliui color-convert@2.0.1 OK for: ansi-styles@4.3.0 want: ^2.0.1
244 silly fetch manifest color-name@~1.1.4
245 http fetch GET 200 https://registry.npmjs.org/color-name 5ms (cache hit)
246 timing idealTree:node_modules/cliui/node_modules/ansi-styles Completed in 13ms
247 silly placeDep node_modules/cliui color-name@1.1.4 OK for: color-convert@2.0.1 want: ~1.1.4
248 timing idealTree:node_modules/cliui/node_modules/color-convert Completed in 3ms
249 timing idealTree:node_modules/cliui/node_modules/color-name Completed in 0ms
250 silly placeDep node_modules/yargs emoji-regex@8.0.0 OK for: string-width@4.2.3 want: ^8.0.0
251 silly placeDep node_modules/yargs strip-ansi@6.0.1 OK for: string-width@4.2.3 want: ^6.0.1
252 timing idealTree:node_modules/yargs/node_modules/string-width Completed in 7ms
253 timing idealTree:node_modules/yargs/node_modules/emoji-regex Completed in 0ms
254 silly placeDep node_modules/yargs ansi-regex@5.0.1 OK for: strip-ansi@6.0.1 want: ^5.0.1
255 timing idealTree:node_modules/yargs/node_modules/strip-ansi Completed in 2ms
256 timing idealTree:node_modules/yargs/node_modules/ansi-regex Completed in 1ms
257 timing idealTree:buildDeps Completed in 7021ms
258 timing idealTree:fixDepFlags Completed in 18ms
259 timing idealTree Completed in 7569ms
260 timing reify:loadTrees Completed in 7571ms
261 timing reify:diffTrees Completed in 20ms
262 silly reify moves {}
263 timing reify:retireShallow Completed in 4ms
264 timing reify:createSparse Completed in 13ms
265 timing reify:loadBundles Completed in 0ms
266 silly audit bulk request {
266 silly audit   '@ampproject/remapping': [ '2.2.1' ],
266 silly audit   '@astrojs/compiler': [ '2.3.2' ],
266 silly audit   '@astrojs/internal-helpers': [ '0.2.1' ],
266 silly audit   '@astrojs/markdown-remark': [ '3.5.0' ],
266 silly audit   '@astrojs/prism': [ '3.0.0' ],
266 silly audit   '@astrojs/telemetry': [ '3.0.4' ],
266 silly audit   '@babel/code-frame': [ '7.23.4' ],
266 silly audit   '@babel/compat-data': [ '7.23.3' ],
266 silly audit   '@babel/core': [ '7.23.3' ],
266 silly audit   semver: [ '6.3.1', '7.5.4' ],
266 silly audit   '@babel/generator': [ '7.23.4' ],
266 silly audit   '@babel/helper-annotate-as-pure': [ '7.22.5' ],
266 silly audit   '@babel/helper-compilation-targets': [ '7.22.15' ],
266 silly audit   '@babel/helper-environment-visitor': [ '7.22.20' ],
266 silly audit   '@babel/helper-function-name': [ '7.23.0' ],
266 silly audit   '@babel/helper-hoist-variables': [ '7.22.5' ],
266 silly audit   '@babel/helper-module-imports': [ '7.22.15' ],
266 silly audit   '@babel/helper-module-transforms': [ '7.23.3' ],
266 silly audit   '@babel/helper-plugin-utils': [ '7.22.5' ],
266 silly audit   '@babel/helper-simple-access': [ '7.22.5' ],
266 silly audit   '@babel/helper-split-export-declaration': [ '7.22.6' ],
266 silly audit   '@babel/helper-string-parser': [ '7.23.4' ],
266 silly audit   '@babel/helper-validator-identifier': [ '7.22.20' ],
266 silly audit   '@babel/helper-validator-option': [ '7.22.15' ],
266 silly audit   '@babel/helpers': [ '7.23.4' ],
266 silly audit   '@babel/highlight': [ '7.23.4' ],
266 silly audit   '@babel/parser': [ '7.23.4' ],
266 silly audit   '@babel/plugin-syntax-jsx': [ '7.23.3' ],
266 silly audit   '@babel/plugin-transform-react-jsx': [ '7.23.4' ],
266 silly audit   '@babel/template': [ '7.22.15' ],
266 silly audit   '@babel/traverse': [ '7.23.4' ],
266 silly audit   '@babel/types': [ '7.23.4' ],
266 silly audit   '@esbuild/android-arm': [ '0.19.7', '0.18.20' ],
266 silly audit   '@esbuild/android-arm64': [ '0.19.7', '0.18.20' ],
266 silly audit   '@esbuild/android-x64': [ '0.19.7', '0.18.20' ],
266 silly audit   '@esbuild/darwin-arm64': [ '0.19.7', '0.18.20' ],
266 silly audit   '@esbuild/darwin-x64': [ '0.19.7', '0.18.20' ],
266 silly audit   '@esbuild/freebsd-arm64': [ '0.19.7', '0.18.20' ],
266 silly audit   '@esbuild/freebsd-x64': [ '0.19.7', '0.18.20' ],
266 silly audit   '@esbuild/linux-arm': [ '0.19.7', '0.18.20' ],
266 silly audit   '@esbuild/linux-arm64': [ '0.19.7', '0.18.20' ],
266 silly audit   '@esbuild/linux-ia32': [ '0.19.7', '0.18.20' ],
266 silly audit   '@esbuild/linux-loong64': [ '0.19.7', '0.18.20' ],
266 silly audit   '@esbuild/linux-mips64el': [ '0.19.7', '0.18.20' ],
266 silly audit   '@esbuild/linux-ppc64': [ '0.19.7', '0.18.20' ],
266 silly audit   '@esbuild/linux-riscv64': [ '0.19.7', '0.18.20' ],
266 silly audit   '@esbuild/linux-s390x': [ '0.19.7', '0.18.20' ],
266 silly audit   '@esbuild/linux-x64': [ '0.19.7', '0.18.20' ],
266 silly audit   '@esbuild/netbsd-x64': [ '0.19.7', '0.18.20' ],
266 silly audit   '@esbuild/openbsd-x64': [ '0.19.7', '0.18.20' ],
266 silly audit   '@esbuild/sunos-x64': [ '0.19.7', '0.18.20' ],
266 silly audit   '@esbuild/win32-arm64': [ '0.19.7', '0.18.20' ],
266 silly audit   '@esbuild/win32-ia32': [ '0.19.7', '0.18.20' ],
266 silly audit   '@esbuild/win32-x64': [ '0.19.7', '0.18.20' ],
266 silly audit   '@jridgewell/gen-mapping': [ '0.3.3' ],
266 silly audit   '@jridgewell/resolve-uri': [ '3.1.1' ],
266 silly audit   '@jridgewell/set-array': [ '1.1.2' ],
266 silly audit   '@jridgewell/sourcemap-codec': [ '1.4.15' ],
266 silly audit   '@jridgewell/trace-mapping': [ '0.3.20' ],
266 silly audit   '@nodelib/fs.scandir': [ '2.1.5' ],
266 silly audit   '@nodelib/fs.stat': [ '2.0.5' ],
266 silly audit   '@nodelib/fs.walk': [ '1.2.8' ],
266 silly audit   '@types/babel__core': [ '7.20.5' ],
266 silly audit   '@types/babel__generator': [ '7.6.7' ],
266 silly audit   '@types/babel__template': [ '7.4.4' ],
266 silly audit   '@types/babel__traverse': [ '7.20.4' ],
266 silly audit   '@types/debug': [ '4.1.12' ],
266 silly audit   '@types/estree': [ '1.0.5' ],
266 silly audit   '@types/hast': [ '2.3.8', '3.0.3' ],
266 silly audit   '@types/unist': [ '2.0.10', '3.0.2' ],
266 silly audit   '@types/mdast': [ '4.0.3', '3.0.15' ],
266 silly audit   '@types/ms': [ '0.7.34' ],
266 silly audit   '@types/nlcst': [ '1.0.4' ],
266 silly audit   '@types/parse5': [ '6.0.3' ],
266 silly audit   '@ungap/structured-clone': [ '1.2.0' ],
266 silly audit   acorn: [ '8.11.2' ],
266 silly audit   'ansi-align': [ '3.0.1' ],
266 silly audit   'ansi-regex': [ '5.0.1', '6.0.1' ],
266 silly audit   'emoji-regex': [ '8.0.0', '9.2.2', '10.3.0' ],
266 silly audit   'string-width': [ '4.2.3', '5.1.2', '6.1.0' ],
266 silly audit   'strip-ansi': [ '6.0.1', '7.1.0' ],
266 silly audit   'ansi-styles': [ '3.2.1', '6.2.1', '4.3.0' ],
266 silly audit   anymatch: [ '3.1.3' ],
266 silly audit   argparse: [ '2.0.1', '1.0.10' ],
266 silly audit   'array-iterate': [ '2.0.1' ],
266 silly audit   astro: [ '3.6.0' ],
266 silly audit   b4a: [ '1.6.4' ],
266 silly audit   bail: [ '2.0.2' ],
266 silly audit   'base64-js': [ '1.5.1' ],
266 silly audit   'binary-extensions': [ '2.2.0' ],
266 silly audit   bl: [ '5.1.0', '4.1.0' ],
266 silly audit   boxen: [ '7.1.1' ],
266 silly audit   chalk: [ '5.3.0', '2.4.2' ],
266 silly audit   braces: [ '3.0.2' ],
266 silly audit   browserslist: [ '4.22.1' ],
266 silly audit   buffer: [ '6.0.3', '5.7.1' ],
266 silly audit   camelcase: [ '7.0.1' ],
266 silly audit   'caniuse-lite': [ '1.0.30001564' ],
266 silly audit   ccount: [ '2.0.1' ],
266 silly audit   'character-entities': [ '2.0.2' ],
266 silly audit   'character-entities-html4': [ '2.1.0' ],
266 silly audit   'character-entities-legacy': [ '3.0.0' ],
266 silly audit   chokidar: [ '3.5.3' ],
266 silly audit   chownr: [ '1.1.4' ],
266 silly audit   'ci-info': [ '3.9.0' ],
266 silly audit   'cli-boxes': [ '3.0.0' ],
266 silly audit   'cli-cursor': [ '4.0.0' ],
266 silly audit   'cli-spinners': [ '2.9.1' ],
266 silly audit   clsx: [ '2.0.0' ],
266 silly audit   color: [ '4.2.3' ],
266 silly audit   'color-convert': [ '1.9.3', '2.0.1' ],
266 silly audit   'color-name': [ '1.1.3', '1.1.4' ],
266 silly audit   'color-string': [ '1.9.1' ],
266 silly audit   'comma-separated-tokens': [ '2.0.3' ],
266 silly audit   'common-ancestor-path': [ '1.0.1' ],
266 silly audit   'convert-source-map': [ '2.0.0' ],
266 silly audit   cookie: [ '0.5.0' ],
266 silly audit   'cross-spawn': [ '7.0.3' ],
266 silly audit   debug: [ '4.3.4', '3.2.7', '2.6.9' ],
266 silly audit   'decode-named-character-reference': [ '1.0.2' ],
266 silly audit   'decompress-response': [ '6.0.0' ],
266 silly audit   'deep-extend': [ '0.6.0' ],
266 silly audit   dequal: [ '2.0.3' ],
266 silly audit   'detect-libc': [ '2.0.2' ],
266 silly audit   'deterministic-object-hash': [ '1.3.1' ],
266 silly audit   devalue: [ '4.3.2' ],
266 silly audit   devlop: [ '1.1.0' ],
266 silly audit   diff: [ '5.1.0' ],
266 silly audit   dlv: [ '1.1.3' ],
266 silly audit   dset: [ '3.1.3' ],
266 silly audit   eastasianwidth: [ '0.2.0' ],
266 silly audit   'electron-to-chromium': [ '1.4.592' ],
266 silly audit   'end-of-stream': [ '1.4.4' ],
266 silly audit   entities: [ '4.5.0' ],
266 silly audit   'es-module-lexer': [ '1.4.1' ],
266 silly audit   esbuild: [ '0.19.7', '0.18.20' ],
266 silly audit   escalade: [ '3.1.1' ],
266 silly audit   'escape-string-regexp': [ '1.0.5', '5.0.0' ],
266 silly audit   esprima: [ '4.0.1' ],
266 silly audit   'estree-walker': [ '3.0.3' ],
266 silly audit   eventemitter3: [ '5.0.1' ],
266 silly audit   execa: [ '8.0.1' ],
266 silly audit   'expand-template': [ '2.0.3' ],
266 silly audit   extend: [ '3.0.2' ],
266 silly audit   'extend-shallow': [ '2.0.1' ],
266 silly audit   'fast-fifo': [ '1.3.2' ],
266 silly audit   'fast-glob': [ '3.3.2' ],
266 silly audit   fastq: [ '1.15.0' ],
266 silly audit   'fill-range': [ '7.0.1' ],
266 silly audit   'find-up': [ '5.0.0', '4.1.0' ],
266 silly audit   'find-yarn-workspace-root2': [ '1.2.16' ],
266 silly audit   'fs-constants': [ '1.0.0' ],
266 silly audit   fsevents: [ '2.3.3' ],
266 silly audit   'function-bind': [ '1.1.2' ],
266 silly audit   gensync: [ '1.0.0-beta.2' ],
266 silly audit   'get-stream': [ '8.0.1' ],
266 silly audit   'github-from-package': [ '0.0.0' ],
266 silly audit   'github-slugger': [ '2.0.0' ],
266 silly audit   'glob-parent': [ '5.1.2' ],
266 silly audit   globals: [ '11.12.0' ],
266 silly audit   'graceful-fs': [ '4.2.11' ],
266 silly audit   'gray-matter': [ '4.0.3' ],
266 silly audit   'js-yaml': [ '3.14.1', '4.1.0' ],
266 silly audit   'has-flag': [ '3.0.0' ],
266 silly audit   hasown: [ '2.0.0' ],
266 silly audit   'hast-util-from-parse5': [ '7.1.2', '8.0.1' ],
266 silly audit   'hast-util-parse-selector': [ '3.1.1', '4.0.0' ],
266 silly audit   'hast-util-raw': [ '7.2.3', '9.0.1' ],
266 silly audit   'hast-util-to-html': [ '8.0.4', '9.0.0' ],
266 silly audit   'hast-util-to-parse5': [ '7.1.0', '8.0.0' ],
266 silly audit   'hast-util-whitespace': [ '2.0.1', '3.0.0' ],
266 silly audit   hastscript: [ '7.2.0', '8.0.0' ],
266 silly audit   'html-escaper': [ '3.0.3' ],
266 silly audit   'html-void-elements': [ '2.0.1', '3.0.0' ],
266 silly audit   'http-cache-semantics': [ '4.1.1' ],
266 silly audit   'human-signals': [ '5.0.0' ],
266 silly audit   'iconv-lite': [ '0.4.24' ],
266 silly audit   ieee754: [ '1.2.1' ],
266 silly audit   'import-meta-resolve': [ '3.1.1' ],
266 silly audit   inherits: [ '2.0.4' ],
266 silly audit   ini: [ '1.3.8' ],
266 silly audit   'is-arrayish': [ '0.3.2' ],
266 silly audit   'is-binary-path': [ '2.1.0' ],
266 silly audit   'is-buffer': [ '2.0.5' ],
266 silly audit   'is-core-module': [ '2.13.1' ],
266 silly audit   'is-docker': [ '3.0.0' ],
266 silly audit   'is-extendable': [ '0.1.1' ],
266 silly audit   'is-extglob': [ '2.1.1' ],
266 silly audit   'is-fullwidth-code-point': [ '3.0.0' ],
266 silly audit   'is-glob': [ '4.0.3' ],
266 silly audit   'is-inside-container': [ '1.0.0' ],
266 silly audit   'is-interactive': [ '2.0.0' ],
266 silly audit   'is-number': [ '7.0.0' ],
266 silly audit   'is-plain-obj': [ '4.1.0' ],
266 silly audit   'is-stream': [ '3.0.0' ],
266 silly audit   'is-unicode-supported': [ '1.3.0' ],
266 silly audit   'is-wsl': [ '3.1.0' ],
266 silly audit   isexe: [ '2.0.0' ],
266 silly audit   'js-tokens': [ '4.0.0' ],
266 silly audit   jsesc: [ '2.5.2' ],
266 silly audit   json5: [ '2.2.3' ],
266 silly audit   'kind-of': [ '6.0.3' ],
266 silly audit   kleur: [ '4.1.5', '3.0.3' ],
266 silly audit   'load-yaml-file': [ '0.2.0' ],
266 silly audit   'locate-path': [ '6.0.0', '5.0.0' ],
266 silly audit   'lodash.merge': [ '4.6.2' ],
266 silly audit   'log-symbols': [ '5.1.0' ],
266 silly audit   'longest-streak': [ '3.1.0' ],
266 silly audit   'lru-cache': [ '5.1.1', '6.0.0' ],
266 silly audit   'magic-string': [ '0.30.5' ],
266 silly audit   'markdown-table': [ '3.0.3' ],
266 silly audit   'mdast-util-definitions': [ '6.0.0', '5.1.2' ],
266 silly audit   'unist-util-is': [ '6.0.0', '5.2.1' ],
266 silly audit   'unist-util-visit': [ '5.0.0', '4.1.2' ],
266 silly audit   'unist-util-visit-parents': [ '6.0.1', '5.1.3' ],
266 silly audit   'mdast-util-find-and-replace': [ '2.2.2' ],
266 silly audit   'mdast-util-from-markdown': [ '1.3.1' ],
266 silly audit   'mdast-util-gfm': [ '2.0.2' ],
266 silly audit   'mdast-util-gfm-autolink-literal': [ '1.0.3' ],
266 silly audit   'mdast-util-gfm-footnote': [ '1.0.2' ],
266 silly audit   'mdast-util-gfm-strikethrough': [ '1.0.3' ],
266 silly audit   'mdast-util-gfm-table': [ '1.0.7' ],
266 silly audit   'mdast-util-gfm-task-list-item': [ '1.0.2' ],
266 silly audit   'mdast-util-phrasing': [ '3.0.1' ],
266 silly audit   'mdast-util-to-hast': [ '12.3.0', '13.0.2' ],
266 silly audit   'mdast-util-to-markdown': [ '1.5.0' ],
266 silly audit   'mdast-util-to-string': [ '3.2.0' ],
266 silly audit   'merge-stream': [ '2.0.0' ],
266 silly audit   merge2: [ '1.4.1' ],
266 silly audit   micromark: [ '3.2.0' ],
266 silly audit   'micromark-core-commonmark': [ '1.1.0' ],
266 silly audit   'micromark-extension-gfm': [ '2.0.3' ],
266 silly audit   'micromark-extension-gfm-autolink-literal': [ '1.0.5' ],
266 silly audit   'micromark-extension-gfm-footnote': [ '1.1.2' ],
266 silly audit   'micromark-extension-gfm-strikethrough': [ '1.0.7' ],
266 silly audit   'micromark-extension-gfm-table': [ '1.0.7' ],
266 silly audit   'micromark-extension-gfm-tagfilter': [ '1.0.2' ],
266 silly audit   'micromark-extension-gfm-task-list-item': [ '1.0.5' ],
266 silly audit   'micromark-factory-destination': [ '1.1.0' ],
266 silly audit   'micromark-factory-label': [ '1.1.0' ],
266 silly audit   'micromark-factory-space': [ '1.1.0' ],
266 silly audit   'micromark-factory-title': [ '1.1.0' ],
266 silly audit   'micromark-factory-whitespace': [ '1.1.0' ],
266 silly audit   'micromark-util-character': [ '1.2.0', '2.0.1' ],
266 silly audit   'micromark-util-chunked': [ '1.1.0' ],
266 silly audit   'micromark-util-classify-character': [ '1.1.0' ],
266 silly audit   'micromark-util-combine-extensions': [ '1.1.0' ],
266 silly audit   'micromark-util-decode-numeric-character-reference': [ '1.1.0' ],
266 silly audit   'micromark-util-decode-string': [ '1.1.0' ],
266 silly audit   'micromark-util-encode': [ '1.1.0', '2.0.0' ],
266 silly audit   'micromark-util-html-tag-name': [ '1.2.0' ],
266 silly audit   'micromark-util-normalize-identifier': [ '1.1.0' ],
266 silly audit   'micromark-util-resolve-all': [ '1.1.0' ],
266 silly audit   'micromark-util-sanitize-uri': [ '1.2.0', '2.0.0' ],
266 silly audit   'micromark-util-subtokenize': [ '1.1.0' ],
266 silly audit   'micromark-util-symbol': [ '1.1.0', '2.0.0' ],
266 silly audit   'micromark-util-types': [ '1.1.0', '2.0.0' ],
266 silly audit   micromatch: [ '4.0.5' ],
266 silly audit   mime: [ '3.0.0' ],
266 silly audit   'mimic-fn': [ '4.0.0', '2.1.0' ],
266 silly audit   'mimic-response': [ '3.1.0' ],
266 silly audit   minimist: [ '1.2.8' ],
266 silly audit   'mkdirp-classic': [ '0.5.3' ],
266 silly audit   mri: [ '1.2.0' ],
266 silly audit   ms: [ '2.1.2', '2.0.0' ],
266 silly audit   nanoid: [ '3.3.7' ],
266 silly audit   'napi-build-utils': [ '1.0.2' ],
266 silly audit   needle: [ '2.9.1' ],
266 silly audit   'nlcst-to-string': [ '3.1.1' ],
266 silly audit   'node-abi': [ '3.51.0' ],
266 silly audit   'node-addon-api': [ '6.1.0' ],
266 silly audit   'node-releases': [ '2.0.13' ],
266 silly audit   'normalize-path': [ '3.0.0' ],
266 silly audit   'npm-run-path': [ '5.1.0' ],
266 silly audit   'path-key': [ '4.0.0', '3.1.1' ],
266 silly audit   once: [ '1.4.0' ],
266 silly audit   onetime: [ '6.0.0', '5.1.2' ],
266 silly audit   ora: [ '7.0.1' ],
266 silly audit   'p-limit': [ '4.0.0', '3.1.0', '2.3.0' ],
266 silly audit   'p-locate': [ '5.0.0', '4.1.0' ],
266 silly audit   'yocto-queue': [ '0.1.0', '1.0.0' ],
266 silly audit   'p-queue': [ '7.4.1' ],
266 silly audit   'p-timeout': [ '5.1.0' ],
266 silly audit   'p-try': [ '2.2.0' ],
266 silly audit   'parse-latin': [ '5.0.1' ],
266 silly audit   parse5: [ '6.0.1', '7.1.2' ],
266 silly audit   'path-exists': [ '4.0.0' ],
266 silly audit   'path-parse': [ '1.0.7' ],
266 silly audit   'path-to-regexp': [ '6.2.1' ],
266 silly audit   picocolors: [ '1.0.0' ],
266 silly audit   picomatch: [ '2.3.1' ],
266 silly audit   pify: [ '4.0.1' ],
266 silly audit   'pkg-dir': [ '4.2.0' ],
266 silly audit   postcss: [ '8.4.31' ],
266 silly audit   'prebuild-install': [ '7.1.1' ],
266 silly audit   'tar-fs': [ '2.1.1', '3.0.4' ],
266 silly audit   'tar-stream': [ '2.2.0', '3.1.6' ],
266 silly audit   'preferred-pm': [ '3.1.2' ],
266 silly audit   'which-pm': [ '2.0.0', '2.1.1' ],
266 silly audit   prismjs: [ '1.29.0' ],
266 silly audit   'probe-image-size': [ '7.2.3' ],
266 silly audit   prompts: [ '2.4.2' ],
266 silly audit   'property-information': [ '6.4.0' ],
266 silly audit   pump: [ '3.0.0' ],
266 silly audit   'queue-microtask': [ '1.2.3' ],
266 silly audit   'queue-tick': [ '1.0.1' ],
266 silly audit   rc: [ '1.2.8' ],
266 silly audit   'readable-stream': [ '3.6.2' ],
266 silly audit   readdirp: [ '3.6.0' ],
266 silly audit   rehype: [ '12.0.1' ],
266 silly audit   'rehype-parse': [ '8.0.5' ],
266 silly audit   'rehype-raw': [ '6.1.1' ],
266 silly audit   'rehype-stringify': [ '9.0.4' ],
266 silly audit   'remark-gfm': [ '3.0.1' ],
266 silly audit   'remark-parse': [ '10.0.2' ],
266 silly audit   'remark-rehype': [ '10.1.0' ],
266 silly audit   'remark-smartypants': [ '2.0.0' ],
266 silly audit   resolve: [ '1.22.8' ],
266 silly audit   'restore-cursor': [ '4.0.0' ],
266 silly audit   'signal-exit': [ '3.0.7', '4.1.0' ],
266 silly audit   retext: [ '8.1.0' ],
266 silly audit   'retext-latin': [ '3.1.0' ],
266 silly audit   'retext-smartypants': [ '5.2.0' ],
266 silly audit   'retext-stringify': [ '3.1.0' ],
266 silly audit   reusify: [ '1.0.4' ],
266 silly audit   rollup: [ '3.29.4' ],
266 silly audit   'run-parallel': [ '1.2.0' ],
266 silly audit   sade: [ '1.8.1' ],
266 silly audit   'safe-buffer': [ '5.2.1' ],
266 silly audit   'safer-buffer': [ '2.1.2' ],
266 silly audit   sax: [ '1.3.0' ],
266 silly audit   'section-matter': [ '1.0.0' ],
266 silly audit   yallist: [ '4.0.0', '3.1.1' ],
266 silly audit   'server-destroy': [ '1.0.1' ],
266 silly audit   sharp: [ '0.32.6' ],
266 silly audit   'shebang-command': [ '2.0.0' ],
266 silly audit   'shebang-regex': [ '3.0.0' ],
266 silly audit   shikiji: [ '0.6.13' ],
266 silly audit   'unist-util-position': [ '5.0.0', '4.0.4' ],
266 silly audit   'unist-util-stringify-position': [ '4.0.0', '3.0.3' ],
266 silly audit   vfile: [ '6.0.1', '5.3.7' ],
266 silly audit   'vfile-location': [ '5.0.2', '4.1.0' ],
266 silly audit   'vfile-message': [ '4.0.2', '3.1.4' ],
266 silly audit   'simple-concat': [ '1.0.1' ],
266 silly audit   'simple-get': [ '4.0.1' ],
266 silly audit   'simple-swizzle': [ '0.2.2' ],
266 silly audit   sisteransi: [ '1.0.5' ],
266 silly audit   'source-map-js': [ '1.0.2' ],
266 silly audit   'space-separated-tokens': [ '2.0.2' ],
266 silly audit   'sprintf-js': [ '1.0.3' ],
266 silly audit   'stdin-discarder': [ '0.1.0' ],
266 silly audit   'stream-parser': [ '0.3.1' ],
266 silly audit   streamx: [ '2.15.5' ],
266 silly audit   string_decoder: [ '1.3.0' ],
266 silly audit   'stringify-entities': [ '4.0.3' ],
266 silly audit   'strip-bom': [ '3.0.0' ],
266 silly audit   'strip-bom-string': [ '1.0.0' ],
266 silly audit   'strip-final-newline': [ '3.0.0' ],
266 silly audit   'strip-json-comments': [ '2.0.1' ],
266 silly audit   'supports-color': [ '5.5.0' ],
266 silly audit   'supports-preserve-symlinks-flag': [ '1.0.0' ],
266 silly audit   'to-fast-properties': [ '2.0.0' ],
266 silly audit   'to-regex-range': [ '5.0.1' ],
266 silly audit   'trim-lines': [ '3.0.1' ],
266 silly audit   trough: [ '2.1.0' ],
266 silly audit   tsconfck: [ '3.0.0' ],
266 silly audit   'tunnel-agent': [ '0.6.0' ],
266 silly audit   'type-fest': [ '2.19.0' ],
266 silly audit   unherit: [ '3.0.1' ],
266 silly audit   unified: [ '10.1.2' ],
266 silly audit   'unist-util-generated': [ '2.0.1' ],
266 silly audit   'unist-util-modify-children': [ '3.1.1' ],
266 silly audit   'unist-util-visit-children': [ '2.0.2' ],
266 silly audit   'update-browserslist-db': [ '1.0.13' ],
266 silly audit   'util-deprecate': [ '1.0.2' ],
266 silly audit   uvu: [ '0.5.6' ],
266 silly audit   vite: [ '4.5.0' ],
266 silly audit   vitefu: [ '0.2.5' ],
266 silly audit   'web-namespaces': [ '2.0.1' ],
266 silly audit   which: [ '2.0.2' ],
266 silly audit   'which-pm-runs': [ '1.1.0' ],
266 silly audit   'widest-line': [ '4.0.1' ],
266 silly audit   'wrap-ansi': [ '8.1.0', '7.0.0' ],
266 silly audit   wrappy: [ '1.0.2' ],
266 silly audit   'yargs-parser': [ '21.1.1' ],
266 silly audit   zod: [ '3.22.4' ],
266 silly audit   zwitch: [ '2.0.4' ],
266 silly audit   '@astrojs/check': [ '0.3.1' ],
266 silly audit   typescript: [ '5.3.2' ],
266 silly audit   '@astrojs/language-server': [ '2.5.2' ],
266 silly audit   yargs: [ '17.7.2' ],
266 silly audit   '@volar/kit': [ '1.10.10' ],
266 silly audit   '@volar/language-core': [ '1.10.10' ],
266 silly audit   '@volar/language-server': [ '1.10.10' ],
266 silly audit   '@volar/language-service': [ '1.10.10' ],
266 silly audit   '@volar/source-map': [ '1.10.10' ],
266 silly audit   '@volar/typescript': [ '1.10.10' ],
266 silly audit   'muggle-string': [ '0.3.1' ],
266 silly audit   'volar-service-css': [ '0.0.16' ],
266 silly audit   'volar-service-emmet': [ '0.0.16' ],
266 silly audit   'volar-service-html': [ '0.0.16' ],
266 silly audit   'volar-service-prettier': [ '0.0.16' ],
266 silly audit   'volar-service-typescript': [ '0.0.16' ],
266 silly audit   'volar-service-typescript-twoslash-queries': [ '0.0.16' ],
266 silly audit   'vscode-html-languageservice': [ '5.1.1' ],
266 silly audit   'vscode-uri': [ '3.0.8', '2.1.2' ],
266 silly audit   'typesafe-path': [ '0.2.2' ],
266 silly audit   'vscode-languageserver-textdocument': [ '1.0.11' ],
266 silly audit   '@vscode/l10n': [ '0.0.16' ],
266 silly audit   'path-browserify': [ '1.0.1' ],
266 silly audit   'request-light': [ '0.7.0' ],
266 silly audit   'vscode-languageserver': [ '9.0.1' ],
266 silly audit   'vscode-languageserver-protocol': [ '3.17.5' ],
266 silly audit   'vscode-css-languageservice': [ '6.2.10' ],
266 silly audit   '@vscode/emmet-helper': [ '2.9.2' ],
266 silly audit   emmet: [ '2.4.6' ],
266 silly audit   'jsonc-parser': [ '2.3.1' ],
266 silly audit   'vscode-languageserver-types': [ '3.17.5' ],
266 silly audit   '@emmetio/abbreviation': [ '2.3.3' ],
266 silly audit   '@emmetio/css-abbreviation': [ '2.1.8' ],
266 silly audit   '@emmetio/scanner': [ '1.0.4' ],
266 silly audit   'typescript-auto-import-cache': [ '0.3.0' ],
266 silly audit   'vscode-nls': [ '5.2.0' ],
266 silly audit   'vscode-jsonrpc': [ '8.2.0' ],
266 silly audit   cliui: [ '8.0.1' ],
266 silly audit   'get-caller-file': [ '2.0.5' ],
266 silly audit   'require-directory': [ '2.1.1' ],
266 silly audit   y18n: [ '5.0.8' ]
266 silly audit }
267 verbose reify failed optional dependency /home/node/codigofpsvg/node_modules/fsevents
268 silly reify mark deleted [ '/home/node/codigofpsvg/node_modules/fsevents' ]
269 verbose reify failed optional dependency /home/node/codigofpsvg/node_modules/@esbuild/win32-x64
270 silly reify mark deleted [ '/home/node/codigofpsvg/node_modules/@esbuild/win32-x64' ]
271 verbose reify failed optional dependency /home/node/codigofpsvg/node_modules/@esbuild/win32-ia32
272 silly reify mark deleted [ '/home/node/codigofpsvg/node_modules/@esbuild/win32-ia32' ]
273 verbose reify failed optional dependency /home/node/codigofpsvg/node_modules/@esbuild/win32-arm64
274 silly reify mark deleted [ '/home/node/codigofpsvg/node_modules/@esbuild/win32-arm64' ]
275 verbose reify failed optional dependency /home/node/codigofpsvg/node_modules/@esbuild/sunos-x64
276 silly reify mark deleted [ '/home/node/codigofpsvg/node_modules/@esbuild/sunos-x64' ]
277 verbose reify failed optional dependency /home/node/codigofpsvg/node_modules/@esbuild/openbsd-x64
278 silly reify mark deleted [ '/home/node/codigofpsvg/node_modules/@esbuild/openbsd-x64' ]
279 verbose reify failed optional dependency /home/node/codigofpsvg/node_modules/@esbuild/netbsd-x64
280 silly reify mark deleted [ '/home/node/codigofpsvg/node_modules/@esbuild/netbsd-x64' ]
281 verbose reify failed optional dependency /home/node/codigofpsvg/node_modules/@esbuild/linux-s390x
282 silly reify mark deleted [ '/home/node/codigofpsvg/node_modules/@esbuild/linux-s390x' ]
283 verbose reify failed optional dependency /home/node/codigofpsvg/node_modules/@esbuild/linux-riscv64
284 silly reify mark deleted [ '/home/node/codigofpsvg/node_modules/@esbuild/linux-riscv64' ]
285 verbose reify failed optional dependency /home/node/codigofpsvg/node_modules/@esbuild/linux-ppc64
286 silly reify mark deleted [ '/home/node/codigofpsvg/node_modules/@esbuild/linux-ppc64' ]
287 verbose reify failed optional dependency /home/node/codigofpsvg/node_modules/@esbuild/linux-mips64el
288 silly reify mark deleted [ '/home/node/codigofpsvg/node_modules/@esbuild/linux-mips64el' ]
289 verbose reify failed optional dependency /home/node/codigofpsvg/node_modules/@esbuild/linux-loong64
290 silly reify mark deleted [ '/home/node/codigofpsvg/node_modules/@esbuild/linux-loong64' ]
291 verbose reify failed optional dependency /home/node/codigofpsvg/node_modules/@esbuild/linux-ia32
292 silly reify mark deleted [ '/home/node/codigofpsvg/node_modules/@esbuild/linux-ia32' ]
293 verbose reify failed optional dependency /home/node/codigofpsvg/node_modules/@esbuild/linux-arm64
294 silly reify mark deleted [ '/home/node/codigofpsvg/node_modules/@esbuild/linux-arm64' ]
295 verbose reify failed optional dependency /home/node/codigofpsvg/node_modules/@esbuild/linux-arm
296 silly reify mark deleted [ '/home/node/codigofpsvg/node_modules/@esbuild/linux-arm' ]
297 verbose reify failed optional dependency /home/node/codigofpsvg/node_modules/@esbuild/freebsd-x64
298 silly reify mark deleted [ '/home/node/codigofpsvg/node_modules/@esbuild/freebsd-x64' ]
299 verbose reify failed optional dependency /home/node/codigofpsvg/node_modules/@esbuild/freebsd-arm64
300 silly reify mark deleted [ '/home/node/codigofpsvg/node_modules/@esbuild/freebsd-arm64' ]
301 verbose reify failed optional dependency /home/node/codigofpsvg/node_modules/@esbuild/darwin-x64
302 silly reify mark deleted [ '/home/node/codigofpsvg/node_modules/@esbuild/darwin-x64' ]
303 verbose reify failed optional dependency /home/node/codigofpsvg/node_modules/@esbuild/darwin-arm64
304 silly reify mark deleted [ '/home/node/codigofpsvg/node_modules/@esbuild/darwin-arm64' ]
305 verbose reify failed optional dependency /home/node/codigofpsvg/node_modules/@esbuild/android-x64
306 silly reify mark deleted [ '/home/node/codigofpsvg/node_modules/@esbuild/android-x64' ]
307 verbose reify failed optional dependency /home/node/codigofpsvg/node_modules/@esbuild/android-arm64
308 silly reify mark deleted [ '/home/node/codigofpsvg/node_modules/@esbuild/android-arm64' ]
309 verbose reify failed optional dependency /home/node/codigofpsvg/node_modules/@esbuild/android-arm
310 silly reify mark deleted [ '/home/node/codigofpsvg/node_modules/@esbuild/android-arm' ]
311 verbose reify failed optional dependency /home/node/codigofpsvg/node_modules/vite/node_modules/@esbuild/win32-x64
312 silly reify mark deleted [
312 silly reify   '/home/node/codigofpsvg/node_modules/vite/node_modules/@esbuild/win32-x64'
312 silly reify ]
313 verbose reify failed optional dependency /home/node/codigofpsvg/node_modules/vite/node_modules/@esbuild/win32-ia32
314 silly reify mark deleted [
314 silly reify   '/home/node/codigofpsvg/node_modules/vite/node_modules/@esbuild/win32-ia32'
314 silly reify ]
315 verbose reify failed optional dependency /home/node/codigofpsvg/node_modules/vite/node_modules/@esbuild/win32-arm64
316 silly reify mark deleted [
316 silly reify   '/home/node/codigofpsvg/node_modules/vite/node_modules/@esbuild/win32-arm64'
316 silly reify ]
317 verbose reify failed optional dependency /home/node/codigofpsvg/node_modules/vite/node_modules/@esbuild/sunos-x64
318 silly reify mark deleted [
318 silly reify   '/home/node/codigofpsvg/node_modules/vite/node_modules/@esbuild/sunos-x64'
318 silly reify ]
319 verbose reify failed optional dependency /home/node/codigofpsvg/node_modules/vite/node_modules/@esbuild/openbsd-x64
320 silly reify mark deleted [
320 silly reify   '/home/node/codigofpsvg/node_modules/vite/node_modules/@esbuild/openbsd-x64'
320 silly reify ]
321 verbose reify failed optional dependency /home/node/codigofpsvg/node_modules/vite/node_modules/@esbuild/netbsd-x64
322 silly reify mark deleted [
322 silly reify   '/home/node/codigofpsvg/node_modules/vite/node_modules/@esbuild/netbsd-x64'
322 silly reify ]
323 verbose reify failed optional dependency /home/node/codigofpsvg/node_modules/vite/node_modules/@esbuild/linux-s390x
324 silly reify mark deleted [
324 silly reify   '/home/node/codigofpsvg/node_modules/vite/node_modules/@esbuild/linux-s390x'
324 silly reify ]
325 verbose reify failed optional dependency /home/node/codigofpsvg/node_modules/vite/node_modules/@esbuild/linux-riscv64
326 silly reify mark deleted [
326 silly reify   '/home/node/codigofpsvg/node_modules/vite/node_modules/@esbuild/linux-riscv64'
326 silly reify ]
327 verbose reify failed optional dependency /home/node/codigofpsvg/node_modules/vite/node_modules/@esbuild/linux-ppc64
328 silly reify mark deleted [
328 silly reify   '/home/node/codigofpsvg/node_modules/vite/node_modules/@esbuild/linux-ppc64'
328 silly reify ]
329 verbose reify failed optional dependency /home/node/codigofpsvg/node_modules/vite/node_modules/@esbuild/linux-mips64el
330 silly reify mark deleted [
330 silly reify   '/home/node/codigofpsvg/node_modules/vite/node_modules/@esbuild/linux-mips64el'
330 silly reify ]
331 verbose reify failed optional dependency /home/node/codigofpsvg/node_modules/vite/node_modules/@esbuild/linux-loong64
332 silly reify mark deleted [
332 silly reify   '/home/node/codigofpsvg/node_modules/vite/node_modules/@esbuild/linux-loong64'
332 silly reify ]
333 verbose reify failed optional dependency /home/node/codigofpsvg/node_modules/vite/node_modules/@esbuild/linux-ia32
334 silly reify mark deleted [
334 silly reify   '/home/node/codigofpsvg/node_modules/vite/node_modules/@esbuild/linux-ia32'
334 silly reify ]
335 verbose reify failed optional dependency /home/node/codigofpsvg/node_modules/vite/node_modules/@esbuild/linux-arm64
336 silly reify mark deleted [
336 silly reify   '/home/node/codigofpsvg/node_modules/vite/node_modules/@esbuild/linux-arm64'
336 silly reify ]
337 verbose reify failed optional dependency /home/node/codigofpsvg/node_modules/vite/node_modules/@esbuild/linux-arm
338 silly reify mark deleted [
338 silly reify   '/home/node/codigofpsvg/node_modules/vite/node_modules/@esbuild/linux-arm'
338 silly reify ]
339 verbose reify failed optional dependency /home/node/codigofpsvg/node_modules/vite/node_modules/@esbuild/freebsd-x64
340 silly reify mark deleted [
340 silly reify   '/home/node/codigofpsvg/node_modules/vite/node_modules/@esbuild/freebsd-x64'
340 silly reify ]
341 verbose reify failed optional dependency /home/node/codigofpsvg/node_modules/vite/node_modules/@esbuild/freebsd-arm64
342 silly reify mark deleted [
342 silly reify   '/home/node/codigofpsvg/node_modules/vite/node_modules/@esbuild/freebsd-arm64'
342 silly reify ]
343 verbose reify failed optional dependency /home/node/codigofpsvg/node_modules/vite/node_modules/@esbuild/darwin-x64
344 silly reify mark deleted [
344 silly reify   '/home/node/codigofpsvg/node_modules/vite/node_modules/@esbuild/darwin-x64'
344 silly reify ]
345 verbose reify failed optional dependency /home/node/codigofpsvg/node_modules/vite/node_modules/@esbuild/darwin-arm64
346 silly reify mark deleted [
346 silly reify   '/home/node/codigofpsvg/node_modules/vite/node_modules/@esbuild/darwin-arm64'
346 silly reify ]
347 verbose reify failed optional dependency /home/node/codigofpsvg/node_modules/vite/node_modules/@esbuild/android-x64
348 silly reify mark deleted [
348 silly reify   '/home/node/codigofpsvg/node_modules/vite/node_modules/@esbuild/android-x64'
348 silly reify ]
349 verbose reify failed optional dependency /home/node/codigofpsvg/node_modules/vite/node_modules/@esbuild/android-arm64
350 silly reify mark deleted [
350 silly reify   '/home/node/codigofpsvg/node_modules/vite/node_modules/@esbuild/android-arm64'
350 silly reify ]
351 verbose reify failed optional dependency /home/node/codigofpsvg/node_modules/vite/node_modules/@esbuild/android-arm
352 silly reify mark deleted [
352 silly reify   '/home/node/codigofpsvg/node_modules/vite/node_modules/@esbuild/android-arm'
352 silly reify ]
353 timing reifyNode:node_modules/fsevents Completed in 42ms
354 timing reifyNode:node_modules/@esbuild/win32-x64 Completed in 42ms
355 timing reifyNode:node_modules/@esbuild/win32-ia32 Completed in 42ms
356 timing reifyNode:node_modules/@esbuild/win32-arm64 Completed in 42ms
357 timing reifyNode:node_modules/@esbuild/sunos-x64 Completed in 43ms
358 timing reifyNode:node_modules/@esbuild/openbsd-x64 Completed in 43ms
359 timing reifyNode:node_modules/@esbuild/netbsd-x64 Completed in 43ms
360 timing reifyNode:node_modules/@esbuild/linux-s390x Completed in 43ms
361 timing reifyNode:node_modules/@esbuild/linux-riscv64 Completed in 43ms
362 timing reifyNode:node_modules/@esbuild/linux-ppc64 Completed in 43ms
363 timing reifyNode:node_modules/@esbuild/linux-mips64el Completed in 44ms
364 timing reifyNode:node_modules/@esbuild/linux-loong64 Completed in 43ms
365 timing reifyNode:node_modules/@esbuild/linux-ia32 Completed in 43ms
366 timing reifyNode:node_modules/@esbuild/linux-arm64 Completed in 43ms
367 timing reifyNode:node_modules/@esbuild/linux-arm Completed in 43ms
368 timing reifyNode:node_modules/@esbuild/freebsd-x64 Completed in 43ms
369 timing reifyNode:node_modules/@esbuild/freebsd-arm64 Completed in 43ms
370 timing reifyNode:node_modules/@esbuild/darwin-x64 Completed in 43ms
371 timing reifyNode:node_modules/@esbuild/darwin-arm64 Completed in 43ms
372 timing reifyNode:node_modules/@esbuild/android-x64 Completed in 44ms
373 timing reifyNode:node_modules/@esbuild/android-arm64 Completed in 44ms
374 timing reifyNode:node_modules/@esbuild/android-arm Completed in 44ms
375 timing reifyNode:node_modules/vite/node_modules/@esbuild/win32-x64 Completed in 44ms
376 timing reifyNode:node_modules/vite/node_modules/@esbuild/win32-ia32 Completed in 44ms
377 timing reifyNode:node_modules/vite/node_modules/@esbuild/win32-arm64 Completed in 44ms
378 timing reifyNode:node_modules/vite/node_modules/@esbuild/sunos-x64 Completed in 44ms
379 timing reifyNode:node_modules/vite/node_modules/@esbuild/openbsd-x64 Completed in 44ms
380 timing reifyNode:node_modules/vite/node_modules/@esbuild/netbsd-x64 Completed in 44ms
381 timing reifyNode:node_modules/vite/node_modules/@esbuild/linux-s390x Completed in 44ms
382 timing reifyNode:node_modules/vite/node_modules/@esbuild/linux-riscv64 Completed in 45ms
383 timing reifyNode:node_modules/vite/node_modules/@esbuild/linux-ppc64 Completed in 45ms
384 timing reifyNode:node_modules/vite/node_modules/@esbuild/linux-mips64el Completed in 44ms
385 timing reifyNode:node_modules/vite/node_modules/@esbuild/linux-loong64 Completed in 44ms
386 timing reifyNode:node_modules/vite/node_modules/@esbuild/linux-ia32 Completed in 44ms
387 timing reifyNode:node_modules/vite/node_modules/@esbuild/linux-arm64 Completed in 44ms
388 timing reifyNode:node_modules/vite/node_modules/@esbuild/linux-arm Completed in 44ms
389 timing reifyNode:node_modules/vite/node_modules/@esbuild/freebsd-x64 Completed in 44ms
390 timing reifyNode:node_modules/vite/node_modules/@esbuild/freebsd-arm64 Completed in 44ms
391 timing reifyNode:node_modules/vite/node_modules/@esbuild/darwin-x64 Completed in 44ms
392 timing reifyNode:node_modules/vite/node_modules/@esbuild/darwin-arm64 Completed in 44ms
393 timing reifyNode:node_modules/vite/node_modules/@esbuild/android-x64 Completed in 43ms
394 timing reifyNode:node_modules/vite/node_modules/@esbuild/android-arm64 Completed in 43ms
395 timing reifyNode:node_modules/vite/node_modules/@esbuild/android-arm Completed in 43ms
396 silly tarball no local data for y18n@https://registry.npmjs.org/y18n/-/y18n-5.0.8.tgz. Extracting by manifest.
397 silly tarball no local data for get-caller-file@https://registry.npmjs.org/get-caller-file/-/get-caller-file-2.0.5.tgz. Extracting by manifest.
398 silly tarball no local data for require-directory@https://registry.npmjs.org/require-directory/-/require-directory-2.1.1.tgz. Extracting by manifest.
399 silly tarball no local data for cliui@https://registry.npmjs.org/cliui/-/cliui-8.0.1.tgz. Extracting by manifest.
400 silly tarball no local data for vscode-jsonrpc@https://registry.npmjs.org/vscode-jsonrpc/-/vscode-jsonrpc-8.2.0.tgz. Extracting by manifest.
401 silly tarball no local data for vscode-nls@https://registry.npmjs.org/vscode-nls/-/vscode-nls-5.2.0.tgz. Extracting by manifest.
402 silly tarball no local data for typescript-auto-import-cache@https://registry.npmjs.org/typescript-auto-import-cache/-/typescript-auto-import-cache-0.3.0.tgz. Extracting by manifest.
403 silly tarball no local data for @emmetio/scanner@https://registry.npmjs.org/@emmetio/scanner/-/scanner-1.0.4.tgz. Extracting by manifest.
404 silly tarball no local data for @emmetio/css-abbreviation@https://registry.npmjs.org/@emmetio/css-abbreviation/-/css-abbreviation-2.1.8.tgz. Extracting by manifest.
405 silly tarball no local data for @emmetio/abbreviation@https://registry.npmjs.org/@emmetio/abbreviation/-/abbreviation-2.3.3.tgz. Extracting by manifest.
406 silly tarball no local data for vscode-languageserver-types@https://registry.npmjs.org/vscode-languageserver-types/-/vscode-languageserver-types-3.17.5.tgz. Extracting by manifest.
407 silly tarball no local data for jsonc-parser@https://registry.npmjs.org/jsonc-parser/-/jsonc-parser-2.3.1.tgz. Extracting by manifest.
408 silly tarball no local data for emmet@https://registry.npmjs.org/emmet/-/emmet-2.4.6.tgz. Extracting by manifest.
409 silly tarball no local data for @vscode/emmet-helper@https://registry.npmjs.org/@vscode/emmet-helper/-/emmet-helper-2.9.2.tgz. Extracting by manifest.
410 silly tarball no local data for vscode-css-languageservice@https://registry.npmjs.org/vscode-css-languageservice/-/vscode-css-languageservice-6.2.10.tgz. Extracting by manifest.
411 silly tarball no local data for vscode-languageserver-protocol@https://registry.npmjs.org/vscode-languageserver-protocol/-/vscode-languageserver-protocol-3.17.5.tgz. Extracting by manifest.
412 silly tarball no local data for vscode-languageserver@https://registry.npmjs.org/vscode-languageserver/-/vscode-languageserver-9.0.1.tgz. Extracting by manifest.
413 silly tarball no local data for request-light@https://registry.npmjs.org/request-light/-/request-light-0.7.0.tgz. Extracting by manifest.
414 silly tarball no local data for path-browserify@https://registry.npmjs.org/path-browserify/-/path-browserify-1.0.1.tgz. Extracting by manifest.
415 silly tarball no local data for @vscode/l10n@https://registry.npmjs.org/@vscode/l10n/-/l10n-0.0.16.tgz. Extracting by manifest.
416 silly tarball no local data for vscode-languageserver-textdocument@https://registry.npmjs.org/vscode-languageserver-textdocument/-/vscode-languageserver-textdocument-1.0.11.tgz. Extracting by manifest.
417 silly tarball no local data for typesafe-path@https://registry.npmjs.org/typesafe-path/-/typesafe-path-0.2.2.tgz. Extracting by manifest.
418 silly tarball no local data for vscode-uri@https://registry.npmjs.org/vscode-uri/-/vscode-uri-3.0.8.tgz. Extracting by manifest.
419 silly tarball no local data for vscode-html-languageservice@https://registry.npmjs.org/vscode-html-languageservice/-/vscode-html-languageservice-5.1.1.tgz. Extracting by manifest.
420 silly tarball no local data for volar-service-typescript-twoslash-queries@https://registry.npmjs.org/volar-service-typescript-twoslash-queries/-/volar-service-typescript-twoslash-queries-0.0.16.tgz. Extracting by manifest.
421 silly tarball no local data for volar-service-typescript@https://registry.npmjs.org/volar-service-typescript/-/volar-service-typescript-0.0.16.tgz. Extracting by manifest.
422 silly tarball no local data for volar-service-prettier@https://registry.npmjs.org/volar-service-prettier/-/volar-service-prettier-0.0.16.tgz. Extracting by manifest.
423 silly tarball no local data for volar-service-html@https://registry.npmjs.org/volar-service-html/-/volar-service-html-0.0.16.tgz. Extracting by manifest.
424 silly tarball no local data for volar-service-emmet@https://registry.npmjs.org/volar-service-emmet/-/volar-service-emmet-0.0.16.tgz. Extracting by manifest.
425 silly tarball no local data for volar-service-css@https://registry.npmjs.org/volar-service-css/-/volar-service-css-0.0.16.tgz. Extracting by manifest.
426 silly tarball no local data for muggle-string@https://registry.npmjs.org/muggle-string/-/muggle-string-0.3.1.tgz. Extracting by manifest.
427 silly tarball no local data for @volar/typescript@https://registry.npmjs.org/@volar/typescript/-/typescript-1.10.10.tgz. Extracting by manifest.
428 silly tarball no local data for @volar/source-map@https://registry.npmjs.org/@volar/source-map/-/source-map-1.10.10.tgz. Extracting by manifest.
429 silly tarball no local data for @volar/language-server@https://registry.npmjs.org/@volar/language-server/-/language-server-1.10.10.tgz. Extracting by manifest.
430 silly tarball no local data for @volar/language-service@https://registry.npmjs.org/@volar/language-service/-/language-service-1.10.10.tgz. Extracting by manifest.
431 silly tarball no local data for @volar/language-core@https://registry.npmjs.org/@volar/language-core/-/language-core-1.10.10.tgz. Extracting by manifest.
432 silly tarball no local data for @volar/kit@https://registry.npmjs.org/@volar/kit/-/kit-1.10.10.tgz. Extracting by manifest.
433 silly tarball no local data for yargs@https://registry.npmjs.org/yargs/-/yargs-17.7.2.tgz. Extracting by manifest.
434 silly tarball no local data for @astrojs/language-server@https://registry.npmjs.org/@astrojs/language-server/-/language-server-2.5.2.tgz. Extracting by manifest.
435 silly tarball no local data for typescript@https://registry.npmjs.org/typescript/-/typescript-5.3.2.tgz. Extracting by manifest.
436 silly tarball no local data for @astrojs/check@https://registry.npmjs.org/@astrojs/check/-/check-0.3.1.tgz. Extracting by manifest.
437 silly tarball no local data for ansi-styles@https://registry.npmjs.org/ansi-styles/-/ansi-styles-4.3.0.tgz. Extracting by manifest.
438 silly tarball no local data for wrap-ansi@https://registry.npmjs.org/wrap-ansi/-/wrap-ansi-7.0.0.tgz. Extracting by manifest.
439 silly tarball no local data for vscode-uri@https://registry.npmjs.org/vscode-uri/-/vscode-uri-2.1.2.tgz. Extracting by manifest.
440 http fetch POST 200 https://registry.npmjs.org/-/npm/v1/security/advisories/bulk 526ms
441 timing auditReport:getReport Completed in 541ms
442 silly audit report {}
443 timing auditReport:init Completed in 0ms
444 timing reify:audit Completed in 544ms
445 timing reifyNode:node_modules/cliui/node_modules/color-name Completed in 661ms
446 timing reifyNode:node_modules/cliui/node_modules/ansi-regex Completed in 668ms
447 timing reifyNode:node_modules/cliui/node_modules/string-width Completed in 667ms
448 timing reifyNode:node_modules/cliui/node_modules/strip-ansi Completed in 667ms
449 timing reifyNode:node_modules/yargs/node_modules/ansi-regex Completed in 667ms
450 timing reifyNode:node_modules/yargs/node_modules/strip-ansi Completed in 666ms
451 timing reifyNode:node_modules/yargs/node_modules/string-width Completed in 666ms
452 timing reifyNode:node_modules/cliui/node_modules/color-convert Completed in 692ms
453 http fetch GET 200 https://registry.npmjs.org/get-caller-file/-/get-caller-file-2.0.5.tgz 631ms (cache miss)
454 timing reifyNode:node_modules/get-caller-file Completed in 708ms
455 http fetch GET 200 https://registry.npmjs.org/@emmetio/css-abbreviation/-/css-abbreviation-2.1.8.tgz 623ms (cache miss)
456 http fetch GET 200 https://registry.npmjs.org/require-directory/-/require-directory-2.1.1.tgz 631ms (cache miss)
457 timing reifyNode:node_modules/require-directory Completed in 710ms
458 http fetch GET 200 https://registry.npmjs.org/@emmetio/scanner/-/scanner-1.0.4.tgz 628ms (cache miss)
459 timing reifyNode:node_modules/@emmetio/scanner Completed in 712ms
460 timing reifyNode:node_modules/cliui/node_modules/emoji-regex Completed in 716ms
461 timing reifyNode:node_modules/yargs/node_modules/emoji-regex Completed in 714ms
462 http fetch GET 200 https://registry.npmjs.org/cliui/-/cliui-8.0.1.tgz 640ms (cache miss)
463 timing reifyNode:node_modules/cliui Completed in 720ms
464 http fetch GET 200 https://registry.npmjs.org/vscode-languageserver-textdocument/-/vscode-languageserver-textdocument-1.0.11.tgz 619ms (cache miss)
465 http fetch GET 200 https://registry.npmjs.org/request-light/-/request-light-0.7.0.tgz 623ms (cache miss)
466 http fetch GET 200 https://registry.npmjs.org/typesafe-path/-/typesafe-path-0.2.2.tgz 619ms (cache miss)
467 timing reifyNode:node_modules/typesafe-path Completed in 720ms
468 http fetch GET 200 https://registry.npmjs.org/volar-service-typescript-twoslash-queries/-/volar-service-typescript-twoslash-queries-0.0.16.tgz 615ms (cache miss)
469 timing reifyNode:node_modules/volar-service-typescript-twoslash-queries Completed in 720ms
470 http fetch GET 200 https://registry.npmjs.org/volar-service-prettier/-/volar-service-prettier-0.0.16.tgz 620ms (cache miss)
471 timing reifyNode:node_modules/volar-service-prettier Completed in 728ms
472 http fetch GET 200 https://registry.npmjs.org/volar-service-html/-/volar-service-html-0.0.16.tgz 620ms (cache miss)
473 timing reifyNode:node_modules/volar-service-html Completed in 729ms
474 http fetch GET 200 https://registry.npmjs.org/muggle-string/-/muggle-string-0.3.1.tgz 613ms (cache miss)
475 http fetch GET 200 https://registry.npmjs.org/volar-service-emmet/-/volar-service-emmet-0.0.16.tgz 618ms (cache miss)
476 timing reifyNode:node_modules/volar-service-emmet Completed in 730ms
477 timing reifyNode:node_modules/muggle-string Completed in 731ms
478 http fetch GET 200 https://registry.npmjs.org/volar-service-css/-/volar-service-css-0.0.16.tgz 621ms (cache miss)
479 timing reifyNode:node_modules/volar-service-css Completed in 735ms
480 http fetch GET 200 https://registry.npmjs.org/wrap-ansi/-/wrap-ansi-7.0.0.tgz 566ms (cache miss)
481 timing reifyNode:node_modules/cliui/node_modules/wrap-ansi Completed in 750ms
482 http fetch GET 200 https://registry.npmjs.org/vscode-uri/-/vscode-uri-2.1.2.tgz 563ms (cache miss)
483 timing reifyNode:node_modules/request-light Completed in 754ms
484 timing reifyNode:node_modules/vscode-languageserver-textdocument Completed in 758ms
485 http fetch GET 200 https://registry.npmjs.org/ansi-styles/-/ansi-styles-4.3.0.tgz 579ms (cache miss)
486 timing reifyNode:node_modules/cliui/node_modules/ansi-styles Completed in 761ms
487 http fetch GET 200 https://registry.npmjs.org/y18n/-/y18n-5.0.8.tgz 689ms (cache miss)
488 timing reifyNode:node_modules/y18n Completed in 763ms
489 http fetch GET 200 https://registry.npmjs.org/path-browserify/-/path-browserify-1.0.1.tgz 683ms (cache miss)
490 timing reifyNode:node_modules/@emmetio/css-abbreviation Completed in 784ms
491 http fetch GET 200 https://registry.npmjs.org/@vscode/l10n/-/l10n-0.0.16.tgz 686ms (cache miss)
492 timing reifyNode:node_modules/@vscode/l10n Completed in 785ms
493 http fetch GET 200 https://registry.npmjs.org/@volar/kit/-/kit-1.10.10.tgz 655ms (cache miss)
494 http fetch GET 200 https://registry.npmjs.org/@vscode/emmet-helper/-/emmet-helper-2.9.2.tgz 699ms (cache miss)
495 timing reifyNode:node_modules/@vscode/emmet-helper/node_modules/vscode-uri Completed in 792ms
496 timing reifyNode:node_modules/path-browserify Completed in 795ms
497 http fetch GET 200 https://registry.npmjs.org/@emmetio/abbreviation/-/abbreviation-2.3.3.tgz 714ms (cache miss)
498 timing reifyNode:node_modules/@vscode/emmet-helper Completed in 806ms
499 timing reifyNode:node_modules/@volar/kit Completed in 809ms
500 timing reifyNode:node_modules/@emmetio/abbreviation Completed in 812ms
501 http fetch GET 200 https://registry.npmjs.org/vscode-languageserver-types/-/vscode-languageserver-types-3.17.5.tgz 737ms (cache miss)
502 http fetch GET 200 https://registry.npmjs.org/vscode-uri/-/vscode-uri-3.0.8.tgz 726ms (cache miss)
503 timing reifyNode:node_modules/vscode-languageserver-types Completed in 831ms
504 timing reifyNode:node_modules/vscode-uri Completed in 842ms
505 http fetch GET 200 https://registry.npmjs.org/jsonc-parser/-/jsonc-parser-2.3.1.tgz 793ms (cache miss)
506 timing reifyNode:node_modules/jsonc-parser Completed in 885ms
507 http fetch GET 200 https://registry.npmjs.org/typescript-auto-import-cache/-/typescript-auto-import-cache-0.3.0.tgz 831ms (cache miss)
508 timing reifyNode:node_modules/typescript-auto-import-cache Completed in 913ms
509 http fetch GET 200 https://registry.npmjs.org/vscode-nls/-/vscode-nls-5.2.0.tgz 840ms (cache miss)
510 timing reifyNode:node_modules/vscode-nls Completed in 921ms
511 http fetch GET 200 https://registry.npmjs.org/vscode-jsonrpc/-/vscode-jsonrpc-8.2.0.tgz 871ms (cache miss)
512 timing reifyNode:node_modules/vscode-jsonrpc Completed in 955ms
513 http fetch GET 200 https://registry.npmjs.org/vscode-languageserver/-/vscode-languageserver-9.0.1.tgz 896ms (cache miss)
514 timing reifyNode:node_modules/vscode-languageserver Completed in 996ms
515 http fetch GET 200 https://registry.npmjs.org/yargs/-/yargs-17.7.2.tgz 871ms (cache miss)
516 timing reifyNode:node_modules/yargs Completed in 1011ms
517 http fetch GET 200 https://registry.npmjs.org/emmet/-/emmet-2.4.6.tgz 939ms (cache miss)
518 timing reifyNode:node_modules/emmet Completed in 1037ms
519 http fetch GET 200 https://registry.npmjs.org/volar-service-typescript/-/volar-service-typescript-0.0.16.tgz 930ms (cache miss)
520 timing reifyNode:node_modules/volar-service-typescript Completed in 1041ms
521 http fetch GET 200 https://registry.npmjs.org/@astrojs/language-server/-/language-server-2.5.2.tgz 917ms (cache miss)
522 http fetch GET 200 https://registry.npmjs.org/vscode-languageserver-protocol/-/vscode-languageserver-protocol-3.17.5.tgz 959ms (cache miss)
523 timing reifyNode:node_modules/@astrojs/language-server Completed in 1052ms
524 timing reifyNode:node_modules/vscode-languageserver-protocol Completed in 1053ms
525 http fetch GET 200 https://registry.npmjs.org/@volar/source-map/-/source-map-1.10.10.tgz 1101ms (cache miss)
526 timing reifyNode:node_modules/@volar/source-map Completed in 1221ms
527 http fetch GET 200 https://registry.npmjs.org/@volar/typescript/-/typescript-1.10.10.tgz 1241ms (cache miss)
528 timing reifyNode:node_modules/@volar/typescript Completed in 1379ms
529 http fetch GET 200 https://registry.npmjs.org/@volar/language-core/-/language-core-1.10.10.tgz 1251ms (cache miss)
530 timing reifyNode:node_modules/@volar/language-core Completed in 1384ms
531 http fetch GET 200 https://registry.npmjs.org/@astrojs/check/-/check-0.3.1.tgz 1213ms (cache miss)
532 timing reifyNode:node_modules/@astrojs/check Completed in 1390ms
533 http fetch GET 200 https://registry.npmjs.org/vscode-html-languageservice/-/vscode-html-languageservice-5.1.1.tgz 1311ms (cache miss)
534 timing reifyNode:node_modules/vscode-html-languageservice Completed in 1416ms
535 http fetch GET 200 https://registry.npmjs.org/@volar/language-server/-/language-server-1.10.10.tgz 1313ms (cache miss)
536 timing reifyNode:node_modules/@volar/language-server Completed in 1437ms
537 http fetch GET 200 https://registry.npmjs.org/@volar/language-service/-/language-service-1.10.10.tgz 1353ms (cache miss)
538 timing reifyNode:node_modules/@volar/language-service Completed in 1476ms
539 http fetch GET 200 https://registry.npmjs.org/vscode-css-languageservice/-/vscode-css-languageservice-6.2.10.tgz 1415ms (cache miss)
540 timing reifyNode:node_modules/vscode-css-languageservice Completed in 1509ms
541 http fetch GET 200 https://registry.npmjs.org/typescript/-/typescript-5.3.2.tgz 1815ms (cache miss)
542 timing reifyNode:node_modules/typescript Completed in 1950ms
543 timing reify:unpack Completed in 1954ms
544 timing reify:unretire Completed in 0ms
545 timing build:queue Completed in 5ms
546 timing build:link:node_modules/@astrojs/check Completed in 5ms
547 timing build:link:node_modules/typescript Completed in 3ms
548 timing build:link:node_modules/vscode-languageserver Completed in 3ms
549 timing build:link:node_modules/@astrojs/language-server Completed in 4ms
550 timing build:link Completed in 5ms
551 timing build:deps Completed in 11ms
552 timing build Completed in 12ms
553 timing reify:build Completed in 13ms
554 timing reify:trash Completed in 5ms
555 timing reify:save Completed in 465ms
556 timing reify Completed in 10327ms
557 silly ADD node_modules/y18n
558 silly ADD node_modules/require-directory
559 silly ADD node_modules/get-caller-file
560 silly ADD node_modules/cliui
561 silly ADD node_modules/cliui/node_modules/color-name
562 silly ADD node_modules/cliui/node_modules/color-convert
563 silly ADD node_modules/cliui/node_modules/ansi-styles
564 silly ADD node_modules/cliui/node_modules/ansi-regex
565 silly ADD node_modules/cliui/node_modules/emoji-regex
566 silly ADD node_modules/cliui/node_modules/wrap-ansi
567 silly ADD node_modules/cliui/node_modules/strip-ansi
568 silly ADD node_modules/cliui/node_modules/string-width
569 silly ADD node_modules/vscode-jsonrpc
570 silly ADD node_modules/vscode-nls
571 silly ADD node_modules/typescript-auto-import-cache
572 silly ADD node_modules/@emmetio/scanner
573 silly ADD node_modules/@emmetio/css-abbreviation
574 silly ADD node_modules/@emmetio/abbreviation
575 silly ADD node_modules/vscode-languageserver-types
576 silly ADD node_modules/jsonc-parser
577 silly ADD node_modules/emmet
578 silly ADD node_modules/@vscode/emmet-helper
579 silly ADD node_modules/@vscode/emmet-helper/node_modules/vscode-uri
580 silly ADD node_modules/vscode-css-languageservice
581 silly ADD node_modules/vscode-languageserver-protocol
582 silly ADD node_modules/vscode-languageserver
583 silly ADD node_modules/request-light
584 silly ADD node_modules/path-browserify
585 silly ADD node_modules/@vscode/l10n
586 silly ADD node_modules/vscode-languageserver-textdocument
587 silly ADD node_modules/typesafe-path
588 silly ADD node_modules/vscode-uri
589 silly ADD node_modules/vscode-html-languageservice
590 silly ADD node_modules/volar-service-typescript-twoslash-queries
591 silly ADD node_modules/volar-service-typescript
592 silly ADD node_modules/volar-service-prettier
593 silly ADD node_modules/volar-service-html
594 silly ADD node_modules/volar-service-emmet
595 silly ADD node_modules/volar-service-css
596 silly ADD node_modules/muggle-string
597 silly ADD node_modules/@volar/typescript
598 silly ADD node_modules/@volar/source-map
599 silly ADD node_modules/@volar/language-service
600 silly ADD node_modules/@volar/language-server
601 silly ADD node_modules/@volar/language-core
602 silly ADD node_modules/@volar/kit
603 silly ADD node_modules/yargs
604 silly ADD node_modules/yargs/node_modules/ansi-regex
605 silly ADD node_modules/yargs/node_modules/strip-ansi
606 silly ADD node_modules/yargs/node_modules/emoji-regex
607 silly ADD node_modules/yargs/node_modules/string-width
608 silly ADD node_modules/@astrojs/language-server
609 silly ADD node_modules/typescript
610 silly ADD node_modules/@astrojs/check
611 silly ADD
612 silly ADD
613 silly ADD
614 silly ADD
615 silly ADD
616 silly ADD
617 silly ADD
618 silly ADD
619 silly ADD
620 silly ADD
621 silly ADD
622 silly ADD
623 silly ADD
624 silly ADD
625 silly ADD
626 silly ADD
627 silly ADD
628 silly ADD
629 silly ADD
630 silly ADD
631 silly ADD
632 silly ADD
633 silly ADD
634 silly ADD
635 silly ADD
636 silly ADD
637 silly ADD
638 silly ADD
639 silly ADD
640 silly ADD
641 silly ADD
642 silly ADD
643 silly ADD
644 silly ADD
645 silly ADD
646 silly ADD
647 silly ADD
648 silly ADD
649 silly ADD
650 silly ADD
651 silly ADD
652 silly ADD
653 silly ADD
654 timing command:add Completed in 10357ms
655 verbose exit 0
656 timing npm Completed in 10776ms
657 info ok
